2023-04-23 23:46:41,781 - main.scrape_listings - main - ERROR - log_exception - Scraping failed https://www.pracuj.pl/praca/rpa-developer-poznan,oferta,1002539100 - Traceback (most recent call last): - File "c:\Users\Artur\Documents\GitHub\Web-Scraping_Job_Site\scrape_listings.py", line 258, in main - listing_pipeline_main(url, _tech_set, succesfull) - File "c:\Users\Artur\Documents\GitHub\Web-Scraping_Job_Site\scrape_listings.py", line 226, in listing_pipeline_main - my_dict = change_str_to_dict(substring) -  - File "c:\Users\Artur\Documents\GitHub\Web-Scraping_Job_Site\scrape_listings.py", line 72, in change_str_to_dict - my_dict = json.loads(substring) -  - File "C:\Users\Artur\AppData\Local\Programs\Python\Python311\Lib\json\__init__.py", line 346, in loads - return _default_decoder.decode(s) -  - File "C:\Users\Artur\AppData\Local\Programs\Python\Python311\Lib\json\decoder.py", line 337, in decode - obj, end = self.raw_decode(s, idx=_w(s, 0).end()) -  - File "C:\Users\Artur\AppData\Local\Programs\Python\Python311\Lib\json\decoder.py", line 353, in raw_decode - obj, end = self.scan_once(s, idx) -  - json.decoder.JSONDecodeError: Expecting ',' delimiter: line 1 column 3550 (char 3549)
2023-04-23 23:53:46,826 - main.scrape_listings - main - ERROR - log_exception - Scraping failed https://www.pracuj.pl/praca/rpa-developer-lubuskie,oferta,9884317 - Traceback (most recent call last): - File "c:\Users\Artur\Documents\GitHub\Web-Scraping_Job_Site\scrape_listings.py", line 258, in main - listing_pipeline_main(url, _tech_set, succesfull) - File "c:\Users\Artur\Documents\GitHub\Web-Scraping_Job_Site\scrape_listings.py", line 226, in listing_pipeline_main - my_dict = change_str_to_dict(substring) -  - File "c:\Users\Artur\Documents\GitHub\Web-Scraping_Job_Site\scrape_listings.py", line 72, in change_str_to_dict - my_dict = json.loads(substring) -  - File "C:\Users\Artur\AppData\Local\Programs\Python\Python311\Lib\json\__init__.py", line 346, in loads - return _default_decoder.decode(s) -  - File "C:\Users\Artur\AppData\Local\Programs\Python\Python311\Lib\json\decoder.py", line 337, in decode - obj, end = self.raw_decode(s, idx=_w(s, 0).end()) -  - File "C:\Users\Artur\AppData\Local\Programs\Python\Python311\Lib\json\decoder.py", line 353, in raw_decode - obj, end = self.scan_once(s, idx) -  - json.decoder.JSONDecodeError: Expecting ',' delimiter: line 1 column 3550 (char 3549)
2023-04-24 00:00:13,788 - main.scrape_listings - main - ERROR - log_exception - Scraping failed https://www.pracuj.pl/praca/rpa-developer-podkarpackie,oferta,9884321 - Traceback (most recent call last): - File "c:\Users\Artur\Documents\GitHub\Web-Scraping_Job_Site\scrape_listings.py", line 258, in main - listing_pipeline_main(url, _tech_set, succesfull) - File "c:\Users\Artur\Documents\GitHub\Web-Scraping_Job_Site\scrape_listings.py", line 226, in listing_pipeline_main - my_dict = change_str_to_dict(substring) -  - File "c:\Users\Artur\Documents\GitHub\Web-Scraping_Job_Site\scrape_listings.py", line 72, in change_str_to_dict - my_dict = json.loads(substring) -  - File "C:\Users\Artur\AppData\Local\Programs\Python\Python311\Lib\json\__init__.py", line 346, in loads - return _default_decoder.decode(s) -  - File "C:\Users\Artur\AppData\Local\Programs\Python\Python311\Lib\json\decoder.py", line 337, in decode - obj, end = self.raw_decode(s, idx=_w(s, 0).end()) -  - File "C:\Users\Artur\AppData\Local\Programs\Python\Python311\Lib\json\decoder.py", line 353, in raw_decode - obj, end = self.scan_once(s, idx) -  - json.decoder.JSONDecodeError: Expecting ',' delimiter: line 1 column 3550 (char 3549)
2023-04-24 00:05:12,319 - main.scrape_listings - main - ERROR - log_exception - Scraping failed https://www.pracuj.pl/praca/specjalista-ds-analiz-danych-e-commerce-lublin-melgiewska-27,oferta,1002512099 - Traceback (most recent call last): - File "c:\Users\Artur\Documents\GitHub\Web-Scraping_Job_Site\scrape_listings.py", line 258, in main - listing_pipeline_main(url, _tech_set, succesfull) - File "c:\Users\Artur\Documents\GitHub\Web-Scraping_Job_Site\scrape_listings.py", line 226, in listing_pipeline_main - my_dict = change_str_to_dict(substring) -  - File "c:\Users\Artur\Documents\GitHub\Web-Scraping_Job_Site\scrape_listings.py", line 72, in change_str_to_dict - my_dict = json.loads(substring) -  - File "C:\Users\Artur\AppData\Local\Programs\Python\Python311\Lib\json\__init__.py", line 346, in loads - return _default_decoder.decode(s) -  - File "C:\Users\Artur\AppData\Local\Programs\Python\Python311\Lib\json\decoder.py", line 337, in decode - obj, end = self.raw_decode(s, idx=_w(s, 0).end()) -  - File "C:\Users\Artur\AppData\Local\Programs\Python\Python311\Lib\json\decoder.py", line 353, in raw_decode - obj, end = self.scan_once(s, idx) -  - json.decoder.JSONDecodeError: Expecting ',' delimiter: line 1 column 3784 (char 3783)
2023-04-24 00:19:14,538 - main.scrape_listings - main - ERROR - log_exception - Scraping failed https://www.pracuj.pl/praca/database-developer-krakow-puszkarska-7j,oferta,1002504524 - Traceback (most recent call last): - File "c:\Users\Artur\Documents\GitHub\Web-Scraping_Job_Site\scrape_listings.py", line 258, in main - listing_pipeline_main(url, _tech_set, succesfull) - File "c:\Users\Artur\Documents\GitHub\Web-Scraping_Job_Site\scrape_listings.py", line 226, in listing_pipeline_main - my_dict = change_str_to_dict(substring) -  - File "c:\Users\Artur\Documents\GitHub\Web-Scraping_Job_Site\scrape_listings.py", line 72, in change_str_to_dict - my_dict = json.loads(substring) -  - File "C:\Users\Artur\AppData\Local\Programs\Python\Python311\Lib\json\__init__.py", line 346, in loads - return _default_decoder.decode(s) -  - File "C:\Users\Artur\AppData\Local\Programs\Python\Python311\Lib\json\decoder.py", line 337, in decode - obj, end = self.raw_decode(s, idx=_w(s, 0).end()) -  - File "C:\Users\Artur\AppData\Local\Programs\Python\Python311\Lib\json\decoder.py", line 353, in raw_decode - obj, end = self.scan_once(s, idx) -  - json.decoder.JSONDecodeError: Expecting ',' delimiter: line 1 column 2243 (char 2242)
2023-04-24 00:19:22,923 - main.scrape_listings - main - ERROR - log_exception - Scraping failed https://www.pracuj.pl/praca/rpa-developer-podlaskie,oferta,9884322 - Traceback (most recent call last): - File "c:\Users\Artur\Documents\GitHub\Web-Scraping_Job_Site\scrape_listings.py", line 258, in main - listing_pipeline_main(url, _tech_set, succesfull) - File "c:\Users\Artur\Documents\GitHub\Web-Scraping_Job_Site\scrape_listings.py", line 226, in listing_pipeline_main - my_dict = change_str_to_dict(substring) -  - File "c:\Users\Artur\Documents\GitHub\Web-Scraping_Job_Site\scrape_listings.py", line 72, in change_str_to_dict - my_dict = json.loads(substring) -  - File "C:\Users\Artur\AppData\Local\Programs\Python\Python311\Lib\json\__init__.py", line 346, in loads - return _default_decoder.decode(s) -  - File "C:\Users\Artur\AppData\Local\Programs\Python\Python311\Lib\json\decoder.py", line 337, in decode - obj, end = self.raw_decode(s, idx=_w(s, 0).end()) -  - File "C:\Users\Artur\AppData\Local\Programs\Python\Python311\Lib\json\decoder.py", line 353, in raw_decode - obj, end = self.scan_once(s, idx) -  - json.decoder.JSONDecodeError: Expecting ',' delimiter: line 1 column 3550 (char 3549)
2023-04-24 00:22:55,066 - main.scrape_listings - main - ERROR - log_exception - Scraping failed https://www.pracuj.pl/praca/rpa-developer-warminsko-mazurskie,oferta,9884326 - Traceback (most recent call last): - File "c:\Users\Artur\Documents\GitHub\Web-Scraping_Job_Site\scrape_listings.py", line 258, in main - listing_pipeline_main(url, _tech_set, succesfull) - File "c:\Users\Artur\Documents\GitHub\Web-Scraping_Job_Site\scrape_listings.py", line 226, in listing_pipeline_main - my_dict = change_str_to_dict(substring) -  - File "c:\Users\Artur\Documents\GitHub\Web-Scraping_Job_Site\scrape_listings.py", line 72, in change_str_to_dict - my_dict = json.loads(substring) -  - File "C:\Users\Artur\AppData\Local\Programs\Python\Python311\Lib\json\__init__.py", line 346, in loads - return _default_decoder.decode(s) -  - File "C:\Users\Artur\AppData\Local\Programs\Python\Python311\Lib\json\decoder.py", line 337, in decode - obj, end = self.raw_decode(s, idx=_w(s, 0).end()) -  - File "C:\Users\Artur\AppData\Local\Programs\Python\Python311\Lib\json\decoder.py", line 353, in raw_decode - obj, end = self.scan_once(s, idx) -  - json.decoder.JSONDecodeError: Expecting ',' delimiter: line 1 column 3550 (char 3549)
2023-04-24 00:38:34,287 - main.scrape_listings - main - ERROR - log_exception - Scraping failed https://www.pracuj.pl/praca/programista-c++-wieliczka-czarnochowska-8,oferta,1002542438 - Traceback (most recent call last): - File "c:\Users\Artur\Documents\GitHub\Web-Scraping_Job_Site\scrape_listings.py", line 258, in main - listing_pipeline_main(url, _tech_set, succesfull) - File "c:\Users\Artur\Documents\GitHub\Web-Scraping_Job_Site\scrape_listings.py", line 226, in listing_pipeline_main - my_dict = change_str_to_dict(substring) -  - File "c:\Users\Artur\Documents\GitHub\Web-Scraping_Job_Site\scrape_listings.py", line 72, in change_str_to_dict - my_dict = json.loads(substring) -  - File "C:\Users\Artur\AppData\Local\Programs\Python\Python311\Lib\json\__init__.py", line 346, in loads - return _default_decoder.decode(s) -  - File "C:\Users\Artur\AppData\Local\Programs\Python\Python311\Lib\json\decoder.py", line 337, in decode - obj, end = self.raw_decode(s, idx=_w(s, 0).end()) -  - File "C:\Users\Artur\AppData\Local\Programs\Python\Python311\Lib\json\decoder.py", line 353, in raw_decode - obj, end = self.scan_once(s, idx) -  - json.decoder.JSONDecodeError: Expecting ',' delimiter: line 1 column 3093 (char 3092)
2023-04-24 00:41:20,457 - main.scrape_listings - main - ERROR - log_exception - Scraping failed https://www.pracuj.pl/praca/specjalista-ds-analiz-i-raportowania-warszawa-aleje-jerozolimskie-142b,oferta,1002501828 - Traceback (most recent call last): - File "c:\Users\Artur\Documents\GitHub\Web-Scraping_Job_Site\scrape_listings.py", line 258, in main - listing_pipeline_main(url, _tech_set, succesfull) - File "c:\Users\Artur\Documents\GitHub\Web-Scraping_Job_Site\scrape_listings.py", line 226, in listing_pipeline_main - my_dict = change_str_to_dict(substring) -  - File "c:\Users\Artur\Documents\GitHub\Web-Scraping_Job_Site\scrape_listings.py", line 72, in change_str_to_dict - my_dict = json.loads(substring) -  - File "C:\Users\Artur\AppData\Local\Programs\Python\Python311\Lib\json\__init__.py", line 346, in loads - return _default_decoder.decode(s) -  - File "C:\Users\Artur\AppData\Local\Programs\Python\Python311\Lib\json\decoder.py", line 337, in decode - obj, end = self.raw_decode(s, idx=_w(s, 0).end()) -  - File "C:\Users\Artur\AppData\Local\Programs\Python\Python311\Lib\json\decoder.py", line 353, in raw_decode - obj, end = self.scan_once(s, idx) -  - json.decoder.JSONDecodeError: Expecting ',' delimiter: line 1 column 2010 (char 2009)
2023-04-24 00:44:46,546 - main.scrape_listings - main - ERROR - log_exception - Scraping failed https://www.pracuj.pl/praca/rpa-developer-swietokrzyskie,oferta,9884325 - Traceback (most recent call last): - File "c:\Users\Artur\Documents\GitHub\Web-Scraping_Job_Site\scrape_listings.py", line 258, in main - listing_pipeline_main(url, _tech_set, succesfull) - File "c:\Users\Artur\Documents\GitHub\Web-Scraping_Job_Site\scrape_listings.py", line 226, in listing_pipeline_main - my_dict = change_str_to_dict(substring) -  - File "c:\Users\Artur\Documents\GitHub\Web-Scraping_Job_Site\scrape_listings.py", line 72, in change_str_to_dict - my_dict = json.loads(substring) -  - File "C:\Users\Artur\AppData\Local\Programs\Python\Python311\Lib\json\__init__.py", line 346, in loads - return _default_decoder.decode(s) -  - File "C:\Users\Artur\AppData\Local\Programs\Python\Python311\Lib\json\decoder.py", line 337, in decode - obj, end = self.raw_decode(s, idx=_w(s, 0).end()) -  - File "C:\Users\Artur\AppData\Local\Programs\Python\Python311\Lib\json\decoder.py", line 353, in raw_decode - obj, end = self.scan_once(s, idx) -  - json.decoder.JSONDecodeError: Expecting ',' delimiter: line 1 column 3550 (char 3549)
2023-04-24 01:22:46,968 - main.scrape_listings - main - ERROR - log_exception - Scraping failed https://www.pracuj.pl/praca/analityk-biznesowy-procesow-oceny-ryzyka-kredytowego-warszawa,oferta,1002494290 - Traceback (most recent call last): - File "c:\Users\Artur\Documents\GitHub\Web-Scraping_Job_Site\scrape_listings.py", line 258, in main - listing_pipeline_main(url, _tech_set, succesfull) - File "c:\Users\Artur\Documents\GitHub\Web-Scraping_Job_Site\scrape_listings.py", line 226, in listing_pipeline_main - my_dict = change_str_to_dict(substring) -  - File "c:\Users\Artur\Documents\GitHub\Web-Scraping_Job_Site\scrape_listings.py", line 72, in change_str_to_dict - my_dict = json.loads(substring) -  - File "C:\Users\Artur\AppData\Local\Programs\Python\Python311\Lib\json\__init__.py", line 346, in loads - return _default_decoder.decode(s) -  - File "C:\Users\Artur\AppData\Local\Programs\Python\Python311\Lib\json\decoder.py", line 337, in decode - obj, end = self.raw_decode(s, idx=_w(s, 0).end()) -  - File "C:\Users\Artur\AppData\Local\Programs\Python\Python311\Lib\json\decoder.py", line 353, in raw_decode - obj, end = self.scan_once(s, idx) -  - json.decoder.JSONDecodeError: Expecting ',' delimiter: line 1 column 1631 (char 1630)
2023-04-24 01:50:50,140 - main.scrape_listings - main - ERROR - log_exception - Scraping failed https://www.pracuj.pl/praca/administrator-systemow-bankowych-i-monitoringu-warszawa-grzybowska-81,oferta,1002504438 - Traceback (most recent call last): - File "c:\Users\Artur\Documents\GitHub\Web-Scraping_Job_Site\scrape_listings.py", line 258, in main - listing_pipeline_main(url, _tech_set, succesfull) - File "c:\Users\Artur\Documents\GitHub\Web-Scraping_Job_Site\scrape_listings.py", line 226, in listing_pipeline_main - my_dict = change_str_to_dict(substring) -  - File "c:\Users\Artur\Documents\GitHub\Web-Scraping_Job_Site\scrape_listings.py", line 72, in change_str_to_dict - my_dict = json.loads(substring) -  - File "C:\Users\Artur\AppData\Local\Programs\Python\Python311\Lib\json\__init__.py", line 346, in loads - return _default_decoder.decode(s) -  - File "C:\Users\Artur\AppData\Local\Programs\Python\Python311\Lib\json\decoder.py", line 337, in decode - obj, end = self.raw_decode(s, idx=_w(s, 0).end()) -  - File "C:\Users\Artur\AppData\Local\Programs\Python\Python311\Lib\json\decoder.py", line 353, in raw_decode - obj, end = self.scan_once(s, idx) -  - json.decoder.JSONDecodeError: Expecting ',' delimiter: line 1 column 1633 (char 1632)
2023-04-24 01:54:27,950 - main.scrape_listings - main - ERROR - log_exception - Scraping failed https://www.pracuj.pl/praca/rpa-developer-slaskie,oferta,9884324 - Traceback (most recent call last): - File "c:\Users\Artur\Documents\GitHub\Web-Scraping_Job_Site\scrape_listings.py", line 258, in main - listing_pipeline_main(url, _tech_set, succesfull) - File "c:\Users\Artur\Documents\GitHub\Web-Scraping_Job_Site\scrape_listings.py", line 226, in listing_pipeline_main - my_dict = change_str_to_dict(substring) -  - File "c:\Users\Artur\Documents\GitHub\Web-Scraping_Job_Site\scrape_listings.py", line 72, in change_str_to_dict - my_dict = json.loads(substring) -  - File "C:\Users\Artur\AppData\Local\Programs\Python\Python311\Lib\json\__init__.py", line 346, in loads - return _default_decoder.decode(s) -  - File "C:\Users\Artur\AppData\Local\Programs\Python\Python311\Lib\json\decoder.py", line 337, in decode - obj, end = self.raw_decode(s, idx=_w(s, 0).end()) -  - File "C:\Users\Artur\AppData\Local\Programs\Python\Python311\Lib\json\decoder.py", line 353, in raw_decode - obj, end = self.scan_once(s, idx) -  - json.decoder.JSONDecodeError: Expecting ',' delimiter: line 1 column 3550 (char 3549)
2023-04-24 02:04:46,265 - main.scrape_listings - main - ERROR - log_exception - Scraping failed https://www.pracuj.pl/praca/rpa-developer-opolskie,oferta,9884320 - Traceback (most recent call last): - File "c:\Users\Artur\Documents\GitHub\Web-Scraping_Job_Site\scrape_listings.py", line 258, in main - listing_pipeline_main(url, _tech_set, succesfull) - File "c:\Users\Artur\Documents\GitHub\Web-Scraping_Job_Site\scrape_listings.py", line 226, in listing_pipeline_main - my_dict = change_str_to_dict(substring) -  - File "c:\Users\Artur\Documents\GitHub\Web-Scraping_Job_Site\scrape_listings.py", line 72, in change_str_to_dict - my_dict = json.loads(substring) -  - File "C:\Users\Artur\AppData\Local\Programs\Python\Python311\Lib\json\__init__.py", line 346, in loads - return _default_decoder.decode(s) -  - File "C:\Users\Artur\AppData\Local\Programs\Python\Python311\Lib\json\decoder.py", line 337, in decode - obj, end = self.raw_decode(s, idx=_w(s, 0).end()) -  - File "C:\Users\Artur\AppData\Local\Programs\Python\Python311\Lib\json\decoder.py", line 353, in raw_decode - obj, end = self.scan_once(s, idx) -  - json.decoder.JSONDecodeError: Expecting ',' delimiter: line 1 column 3550 (char 3549)
2023-04-24 02:24:55,708 - main.scrape_listings - main - ERROR - log_exception - Scraping failed https://www.pracuj.pl/praca/rpa-developer-kujawsko-pomorskie,oferta,9884314 - Traceback (most recent call last): - File "c:\Users\Artur\Documents\GitHub\Web-Scraping_Job_Site\scrape_listings.py", line 258, in main - listing_pipeline_main(url, _tech_set, succesfull) - File "c:\Users\Artur\Documents\GitHub\Web-Scraping_Job_Site\scrape_listings.py", line 226, in listing_pipeline_main - my_dict = change_str_to_dict(substring) -  - File "c:\Users\Artur\Documents\GitHub\Web-Scraping_Job_Site\scrape_listings.py", line 72, in change_str_to_dict - my_dict = json.loads(substring) -  - File "C:\Users\Artur\AppData\Local\Programs\Python\Python311\Lib\json\__init__.py", line 346, in loads - return _default_decoder.decode(s) -  - File "C:\Users\Artur\AppData\Local\Programs\Python\Python311\Lib\json\decoder.py", line 337, in decode - obj, end = self.raw_decode(s, idx=_w(s, 0).end()) -  - File "C:\Users\Artur\AppData\Local\Programs\Python\Python311\Lib\json\decoder.py", line 353, in raw_decode - obj, end = self.scan_once(s, idx) -  - json.decoder.JSONDecodeError: Expecting ',' delimiter: line 1 column 3550 (char 3549)
2023-04-24 02:26:12,719 - main.scrape_listings - main - ERROR - log_exception - Scraping failed https://www.pracuj.pl/praca/rpa-developer-pomorskie,oferta,9884323 - Traceback (most recent call last): - File "c:\Users\Artur\Documents\GitHub\Web-Scraping_Job_Site\scrape_listings.py", line 258, in main - listing_pipeline_main(url, _tech_set, succesfull) - File "c:\Users\Artur\Documents\GitHub\Web-Scraping_Job_Site\scrape_listings.py", line 226, in listing_pipeline_main - my_dict = change_str_to_dict(substring) -  - File "c:\Users\Artur\Documents\GitHub\Web-Scraping_Job_Site\scrape_listings.py", line 72, in change_str_to_dict - my_dict = json.loads(substring) -  - File "C:\Users\Artur\AppData\Local\Programs\Python\Python311\Lib\json\__init__.py", line 346, in loads - return _default_decoder.decode(s) -  - File "C:\Users\Artur\AppData\Local\Programs\Python\Python311\Lib\json\decoder.py", line 337, in decode - obj, end = self.raw_decode(s, idx=_w(s, 0).end()) -  - File "C:\Users\Artur\AppData\Local\Programs\Python\Python311\Lib\json\decoder.py", line 353, in raw_decode - obj, end = self.scan_once(s, idx) -  - json.decoder.JSONDecodeError: Expecting ',' delimiter: line 1 column 3550 (char 3549)
2023-04-24 02:27:56,321 - main.scrape_listings - main - ERROR - log_exception - Scraping failed https://www.pracuj.pl/praca/mlodszy-programista-net-systemy-logistyczne-w-dziale-realizacji-projektow-gliwice-leona-wyczolkowskiego-125,oferta,1002544829 - Traceback (most recent call last): - File "c:\Users\Artur\Documents\GitHub\Web-Scraping_Job_Site\scrape_listings.py", line 258, in main - listing_pipeline_main(url, _tech_set, succesfull) - File "c:\Users\Artur\Documents\GitHub\Web-Scraping_Job_Site\scrape_listings.py", line 226, in listing_pipeline_main - my_dict = change_str_to_dict(substring) -  - File "c:\Users\Artur\Documents\GitHub\Web-Scraping_Job_Site\scrape_listings.py", line 72, in change_str_to_dict - my_dict = json.loads(substring) -  - File "C:\Users\Artur\AppData\Local\Programs\Python\Python311\Lib\json\__init__.py", line 346, in loads - return _default_decoder.decode(s) -  - File "C:\Users\Artur\AppData\Local\Programs\Python\Python311\Lib\json\decoder.py", line 337, in decode - obj, end = self.raw_decode(s, idx=_w(s, 0).end()) -  - File "C:\Users\Artur\AppData\Local\Programs\Python\Python311\Lib\json\decoder.py", line 353, in raw_decode - obj, end = self.scan_once(s, idx) -  - json.decoder.JSONDecodeError: Expecting ',' delimiter: line 1 column 2551 (char 2550)
2023-04-24 02:34:22,076 - main.scrape_listings - main - ERROR - log_exception - Scraping failed https://www.pracuj.pl/praca/starszy-programista-java-warszawa,oferta,1002540535 - Traceback (most recent call last): - File "c:\Users\Artur\Documents\GitHub\Web-Scraping_Job_Site\scrape_listings.py", line 258, in main - listing_pipeline_main(url, _tech_set, succesfull) - File "c:\Users\Artur\Documents\GitHub\Web-Scraping_Job_Site\scrape_listings.py", line 226, in listing_pipeline_main - my_dict = change_str_to_dict(substring) -  - File "c:\Users\Artur\Documents\GitHub\Web-Scraping_Job_Site\scrape_listings.py", line 72, in change_str_to_dict - my_dict = json.loads(substring) -  - File "C:\Users\Artur\AppData\Local\Programs\Python\Python311\Lib\json\__init__.py", line 346, in loads - return _default_decoder.decode(s) -  - File "C:\Users\Artur\AppData\Local\Programs\Python\Python311\Lib\json\decoder.py", line 337, in decode - obj, end = self.raw_decode(s, idx=_w(s, 0).end()) -  - File "C:\Users\Artur\AppData\Local\Programs\Python\Python311\Lib\json\decoder.py", line 353, in raw_decode - obj, end = self.scan_once(s, idx) -  - json.decoder.JSONDecodeError: Expecting ',' delimiter: line 1 column 2755 (char 2754)
2023-04-24 02:48:51,429 - main.scrape_listings - main - ERROR - log_exception - Scraping failed https://www.pracuj.pl/praca/staz-w-obszarze-programowanie-it-radom,oferta,1002537945 - Traceback (most recent call last): - File "c:\Users\Artur\Documents\GitHub\Web-Scraping_Job_Site\scrape_listings.py", line 258, in main - listing_pipeline_main(url, _tech_set, succesfull) - File "c:\Users\Artur\Documents\GitHub\Web-Scraping_Job_Site\scrape_listings.py", line 226, in listing_pipeline_main - my_dict = change_str_to_dict(substring) -  - File "c:\Users\Artur\Documents\GitHub\Web-Scraping_Job_Site\scrape_listings.py", line 72, in change_str_to_dict - my_dict = json.loads(substring) -  - File "C:\Users\Artur\AppData\Local\Programs\Python\Python311\Lib\json\__init__.py", line 346, in loads - return _default_decoder.decode(s) -  - File "C:\Users\Artur\AppData\Local\Programs\Python\Python311\Lib\json\decoder.py", line 337, in decode - obj, end = self.raw_decode(s, idx=_w(s, 0).end()) -  - File "C:\Users\Artur\AppData\Local\Programs\Python\Python311\Lib\json\decoder.py", line 353, in raw_decode - obj, end = self.scan_once(s, idx) -  - json.decoder.JSONDecodeError: Expecting ',' delimiter: line 1 column 3386 (char 3385)
2023-04-24 03:06:49,646 - main.scrape_listings - main - ERROR - log_exception - Scraping failed https://www.pracuj.pl/praca/programista-ds-backend-java-warszawa-targowa-25,oferta,1002491920 - Traceback (most recent call last): - File "c:\Users\Artur\Documents\GitHub\Web-Scraping_Job_Site\scrape_listings.py", line 258, in main - listing_pipeline_main(url, _tech_set, succesfull) - File "c:\Users\Artur\Documents\GitHub\Web-Scraping_Job_Site\scrape_listings.py", line 226, in listing_pipeline_main - my_dict = change_str_to_dict(substring) -  - File "c:\Users\Artur\Documents\GitHub\Web-Scraping_Job_Site\scrape_listings.py", line 72, in change_str_to_dict - my_dict = json.loads(substring) -  - File "C:\Users\Artur\AppData\Local\Programs\Python\Python311\Lib\json\__init__.py", line 346, in loads - return _default_decoder.decode(s) -  - File "C:\Users\Artur\AppData\Local\Programs\Python\Python311\Lib\json\decoder.py", line 337, in decode - obj, end = self.raw_decode(s, idx=_w(s, 0).end()) -  - File "C:\Users\Artur\AppData\Local\Programs\Python\Python311\Lib\json\decoder.py", line 353, in raw_decode - obj, end = self.scan_once(s, idx) -  - json.decoder.JSONDecodeError: Expecting ',' delimiter: line 1 column 2973 (char 2972)
2023-04-24 03:19:12,021 - main.scrape_listings - main - ERROR - log_exception - Scraping failed https://www.pracuj.pl/praca/rpa-developer-mazowieckie,oferta,9884319 - Traceback (most recent call last): - File "c:\Users\Artur\Documents\GitHub\Web-Scraping_Job_Site\scrape_listings.py", line 258, in main - listing_pipeline_main(url, _tech_set, succesfull) - File "c:\Users\Artur\Documents\GitHub\Web-Scraping_Job_Site\scrape_listings.py", line 226, in listing_pipeline_main - my_dict = change_str_to_dict(substring) -  - File "c:\Users\Artur\Documents\GitHub\Web-Scraping_Job_Site\scrape_listings.py", line 72, in change_str_to_dict - my_dict = json.loads(substring) -  - File "C:\Users\Artur\AppData\Local\Programs\Python\Python311\Lib\json\__init__.py", line 346, in loads - return _default_decoder.decode(s) -  - File "C:\Users\Artur\AppData\Local\Programs\Python\Python311\Lib\json\decoder.py", line 337, in decode - obj, end = self.raw_decode(s, idx=_w(s, 0).end()) -  - File "C:\Users\Artur\AppData\Local\Programs\Python\Python311\Lib\json\decoder.py", line 353, in raw_decode - obj, end = self.scan_once(s, idx) -  - json.decoder.JSONDecodeError: Expecting ',' delimiter: line 1 column 3550 (char 3549)
2023-04-24 03:19:57,124 - main.scrape_listings - main - ERROR - log_exception - Scraping failed https://www.pracuj.pl/praca/application-support-specialist-wealth-personal-banking-it-krakow-kapelanka-42a,oferta,1002520322 - Traceback (most recent call last): - File "c:\Users\Artur\Documents\GitHub\Web-Scraping_Job_Site\scrape_listings.py", line 258, in main - listing_pipeline_main(url, _tech_set, succesfull) - File "c:\Users\Artur\Documents\GitHub\Web-Scraping_Job_Site\scrape_listings.py", line 226, in listing_pipeline_main - my_dict = change_str_to_dict(substring) -  - File "c:\Users\Artur\Documents\GitHub\Web-Scraping_Job_Site\scrape_listings.py", line 72, in change_str_to_dict - my_dict = json.loads(substring) -  - File "C:\Users\Artur\AppData\Local\Programs\Python\Python311\Lib\json\__init__.py", line 346, in loads - return _default_decoder.decode(s) -  - File "C:\Users\Artur\AppData\Local\Programs\Python\Python311\Lib\json\decoder.py", line 337, in decode - obj, end = self.raw_decode(s, idx=_w(s, 0).end()) -  - File "C:\Users\Artur\AppData\Local\Programs\Python\Python311\Lib\json\decoder.py", line 353, in raw_decode - obj, end = self.scan_once(s, idx) -  - json.decoder.JSONDecodeError: Expecting ',' delimiter: line 1 column 4637 (char 4636)
2023-04-24 03:20:32,314 - main.scrape_listings - main - ERROR - log_exception - Scraping failed https://www.pracuj.pl/praca/low-code-developer-poznan-aleje-solidarnosci-46,oferta,1002500897 - Traceback (most recent call last): - File "C:\Users\Artur\AppData\Local\Programs\Python\Python311\Lib\site-packages\urllib3\connectionpool.py", line 703, in urlopen - httplib_response = self._make_request( -  - File "C:\Users\Artur\AppData\Local\Programs\Python\Python311\Lib\site-packages\urllib3\connectionpool.py", line 386, in _make_request - self._validate_conn(conn) - File "C:\Users\Artur\AppData\Local\Programs\Python\Python311\Lib\site-packages\urllib3\connectionpool.py", line 1042, in _validate_conn - conn.connect() - File "C:\Users\Artur\AppData\Local\Programs\Python\Python311\Lib\site-packages\urllib3\connection.py", line 414, in connect - self.sock = ssl_wrap_socket( -  - File "C:\Users\Artur\AppData\Local\Programs\Python\Python311\Lib\site-packages\urllib3\util\ssl_.py", line 449, in ssl_wrap_socket - ssl_sock = _ssl_wrap_socket_impl( -  - File "C:\Users\Artur\AppData\Local\Programs\Python\Python311\Lib\site-packages\urllib3\util\ssl_.py", line 493, in _ssl_wrap_socket_impl - return ssl_context.wrap_socket(sock, server_hostname=server_hostname) -  - File "C:\Users\Artur\AppData\Local\Programs\Python\Python311\Lib\ssl.py", line 517, in wrap_socket - return self.sslsocket_class._create( -  - File "C:\Users\Artur\AppData\Local\Programs\Python\Python311\Lib\ssl.py", line 1075, in _create - self.do_handshake() - File "C:\Users\Artur\AppData\Local\Programs\Python\Python311\Lib\ssl.py", line 1346, in do_handshake - self._sslobj.do_handshake() - ssl.SSLError: [SSL: SSLV3_ALERT_HANDSHAKE_FAILURE] sslv3 alert handshake failure (_ssl.c:992) -  - During handling of the above exception, another exception occurred: -  - Traceback (most recent call last): - File "C:\Users\Artur\AppData\Local\Programs\Python\Python311\Lib\site-packages\requests\adapters.py", line 489, in send - resp = conn.urlopen( -  - File "C:\Users\Artur\AppData\Local\Programs\Python\Python311\Lib\site-packages\urllib3\connectionpool.py", line 787, in urlopen - retries = retries.increment( -  - File "C:\Users\Artur\AppData\Local\Programs\Python\Python311\Lib\site-packages\urllib3\util\retry.py", line 592, in increment - raise MaxRetryError(_pool, url, error or ResponseError(cause)) - urllib3.exceptions.MaxRetryError: HTTPSConnectionPool(host='www.pracuj.pl', port=443): Max retries exceeded with url: /praca/low-code-developer-poznan-aleje-solidarnosci-46,oferta,1002500897 (Caused by SSLError(SSLError(1, '[SSL: SSLV3_ALERT_HANDSHAKE_FAILURE] sslv3 alert handshake failure (_ssl.c:992)'))) -  - During handling of the above exception, another exception occurred: -  - Traceback (most recent call last): - File "c:\Users\Artur\Documents\GitHub\Web-Scraping_Job_Site\scrape_listings.py", line 258, in main - listing_pipeline_main(url, _tech_set, succesfull) - File "c:\Users\Artur\Documents\GitHub\Web-Scraping_Job_Site\scrape_listings.py", line 223, in listing_pipeline_main - substring = scrape_listing_from_json(url) -  - File "c:\Users\Artur\Documents\GitHub\Web-Scraping_Job_Site\scrape_listings.py", line 25, in scrape_listing_from_json - response = requests.get(url, timeout=timeout) -  - File "C:\Users\Artur\AppData\Local\Programs\Python\Python311\Lib\site-packages\requests\api.py", line 73, in get - return request("get", url, params=params, **kwargs) -  - File "C:\Users\Artur\AppData\Local\Programs\Python\Python311\Lib\site-packages\requests\api.py", line 59, in request - return session.request(method=method, url=url, **kwargs) -  - File "C:\Users\Artur\AppData\Local\Programs\Python\Python311\Lib\site-packages\requests\sessions.py", line 587, in request - resp = self.send(prep, **send_kwargs) -  - File "C:\Users\Artur\AppData\Local\Programs\Python\Python311\Lib\site-packages\requests\sessions.py", line 701, in send - r = adapter.send(request, **kwargs) -  - File "C:\Users\Artur\AppData\Local\Programs\Python\Python311\Lib\site-packages\requests\adapters.py", line 563, in send - raise SSLError(e, request=request) - requests.exceptions.SSLError: HTTPSConnectionPool(host='www.pracuj.pl', port=443): Max retries exceeded with url: /praca/low-code-developer-poznan-aleje-solidarnosci-46,oferta,1002500897 (Caused by SSLError(SSLError(1, '[SSL: SSLV3_ALERT_HANDSHAKE_FAILURE] sslv3 alert handshake failure (_ssl.c:992)')))
2023-04-24 03:31:01,302 - main.scrape_listings - main - ERROR - log_exception - Scraping failed https://www.pracuj.pl/praca/client-implementation-engineer-warszawa-zajecza-15,oferta,1002513474 - Traceback (most recent call last): - File "C:\Users\Artur\AppData\Local\Programs\Python\Python311\Lib\site-packages\urllib3\connectionpool.py", line 449, in _make_request - six.raise_from(e, None) - File "<string>", line 3, in raise_from - File "C:\Users\Artur\AppData\Local\Programs\Python\Python311\Lib\site-packages\urllib3\connectionpool.py", line 444, in _make_request - httplib_response = conn.getresponse() -  - File "C:\Users\Artur\AppData\Local\Programs\Python\Python311\Lib\http\client.py", line 1374, in getresponse - response.begin() - File "C:\Users\Artur\AppData\Local\Programs\Python\Python311\Lib\http\client.py", line 318, in begin - version, status, reason = self._read_status() -  - File "C:\Users\Artur\AppData\Local\Programs\Python\Python311\Lib\http\client.py", line 279, in _read_status - line = str(self.fp.readline(_MAXLINE + 1), "iso-8859-1") -  - File "C:\Users\Artur\AppData\Local\Programs\Python\Python311\Lib\socket.py", line 706, in readinto - return self._sock.recv_into(b) -  - File "C:\Users\Artur\AppData\Local\Programs\Python\Python311\Lib\ssl.py", line 1278, in recv_into - return self.read(nbytes, buffer) -  - File "C:\Users\Artur\AppData\Local\Programs\Python\Python311\Lib\ssl.py", line 1134, in read - return self._sslobj.read(len, buffer) -  - TimeoutError: The read operation timed out -  - During handling of the above exception, another exception occurred: -  - Traceback (most recent call last): - File "C:\Users\Artur\AppData\Local\Programs\Python\Python311\Lib\site-packages\requests\adapters.py", line 489, in send - resp = conn.urlopen( -  - File "C:\Users\Artur\AppData\Local\Programs\Python\Python311\Lib\site-packages\urllib3\connectionpool.py", line 787, in urlopen - retries = retries.increment( -  - File "C:\Users\Artur\AppData\Local\Programs\Python\Python311\Lib\site-packages\urllib3\util\retry.py", line 550, in increment - raise six.reraise(type(error), error, _stacktrace) -  - File "C:\Users\Artur\AppData\Local\Programs\Python\Python311\Lib\site-packages\urllib3\packages\six.py", line 770, in reraise - raise value - File "C:\Users\Artur\AppData\Local\Programs\Python\Python311\Lib\site-packages\urllib3\connectionpool.py", line 703, in urlopen - httplib_response = self._make_request( -  - File "C:\Users\Artur\AppData\Local\Programs\Python\Python311\Lib\site-packages\urllib3\connectionpool.py", line 451, in _make_request - self._raise_timeout(err=e, url=url, timeout_value=read_timeout) - File "C:\Users\Artur\AppData\Local\Programs\Python\Python311\Lib\site-packages\urllib3\connectionpool.py", line 340, in _raise_timeout - raise ReadTimeoutError( - urllib3.exceptions.ReadTimeoutError: HTTPSConnectionPool(host='www.pracuj.pl', port=443): Read timed out. (read timeout=5) -  - During handling of the above exception, another exception occurred: -  - Traceback (most recent call last): - File "c:\Users\Artur\Documents\GitHub\Web-Scraping_Job_Site\scrape_listings.py", line 258, in main - listing_pipeline_main(url, _tech_set, succesfull) - File "c:\Users\Artur\Documents\GitHub\Web-Scraping_Job_Site\scrape_listings.py", line 223, in listing_pipeline_main - substring = scrape_listing_from_json(url) -  - File "c:\Users\Artur\Documents\GitHub\Web-Scraping_Job_Site\scrape_listings.py", line 25, in scrape_listing_from_json - response = requests.get(url, timeout=timeout) -  - File "C:\Users\Artur\AppData\Local\Programs\Python\Python311\Lib\site-packages\requests\api.py", line 73, in get - return request("get", url, params=params, **kwargs) -  - File "C:\Users\Artur\AppData\Local\Programs\Python\Python311\Lib\site-packages\requests\api.py", line 59, in request - return session.request(method=method, url=url, **kwargs) -  - File "C:\Users\Artur\AppData\Local\Programs\Python\Python311\Lib\site-packages\requests\sessions.py", line 587, in request - resp = self.send(prep, **send_kwargs) -  - File "C:\Users\Artur\AppData\Local\Programs\Python\Python311\Lib\site-packages\requests\sessions.py", line 701, in send - r = adapter.send(request, **kwargs) -  - File "C:\Users\Artur\AppData\Local\Programs\Python\Python311\Lib\site-packages\requests\adapters.py", line 578, in send - raise ReadTimeout(e, request=request) - requests.exceptions.ReadTimeout: HTTPSConnectionPool(host='www.pracuj.pl', port=443): Read timed out. (read timeout=5)
2023-04-24 03:33:17,250 - main.scrape_listings - main - ERROR - log_exception - Scraping failed https://www.pracuj.pl/praca/starszy-specjalista-ds-rozwoju-narzedzi-oceny-ryzyka-kredytowego-warszawa,oferta,1002504274 - Traceback (most recent call last): - File "c:\Users\Artur\Documents\GitHub\Web-Scraping_Job_Site\scrape_listings.py", line 258, in main - listing_pipeline_main(url, _tech_set, succesfull) - File "c:\Users\Artur\Documents\GitHub\Web-Scraping_Job_Site\scrape_listings.py", line 226, in listing_pipeline_main - my_dict = change_str_to_dict(substring) -  - File "c:\Users\Artur\Documents\GitHub\Web-Scraping_Job_Site\scrape_listings.py", line 72, in change_str_to_dict - my_dict = json.loads(substring) -  - File "C:\Users\Artur\AppData\Local\Programs\Python\Python311\Lib\json\__init__.py", line 346, in loads - return _default_decoder.decode(s) -  - File "C:\Users\Artur\AppData\Local\Programs\Python\Python311\Lib\json\decoder.py", line 337, in decode - obj, end = self.raw_decode(s, idx=_w(s, 0).end()) -  - File "C:\Users\Artur\AppData\Local\Programs\Python\Python311\Lib\json\decoder.py", line 353, in raw_decode - obj, end = self.scan_once(s, idx) -  - json.decoder.JSONDecodeError: Expecting ',' delimiter: line 1 column 3005 (char 3004)
2023-04-24 03:35:09,555 - main.scrape_listings - main - ERROR - log_exception - Scraping failed https://www.pracuj.pl/praca/rpa-developer-malopolskie,oferta,9884318 - Traceback (most recent call last): - File "c:\Users\Artur\Documents\GitHub\Web-Scraping_Job_Site\scrape_listings.py", line 258, in main - listing_pipeline_main(url, _tech_set, succesfull) - File "c:\Users\Artur\Documents\GitHub\Web-Scraping_Job_Site\scrape_listings.py", line 226, in listing_pipeline_main - my_dict = change_str_to_dict(substring) -  - File "c:\Users\Artur\Documents\GitHub\Web-Scraping_Job_Site\scrape_listings.py", line 72, in change_str_to_dict - my_dict = json.loads(substring) -  - File "C:\Users\Artur\AppData\Local\Programs\Python\Python311\Lib\json\__init__.py", line 346, in loads - return _default_decoder.decode(s) -  - File "C:\Users\Artur\AppData\Local\Programs\Python\Python311\Lib\json\decoder.py", line 337, in decode - obj, end = self.raw_decode(s, idx=_w(s, 0).end()) -  - File "C:\Users\Artur\AppData\Local\Programs\Python\Python311\Lib\json\decoder.py", line 353, in raw_decode - obj, end = self.scan_once(s, idx) -  - json.decoder.JSONDecodeError: Expecting ',' delimiter: line 1 column 3550 (char 3549)
2023-04-24 03:39:34,137 - main.scrape_listings - main - ERROR - log_exception - Scraping failed https://www.pracuj.pl/praca/embedded-software-engineer-warszawa-ogrodowa-58,oferta,1002530757 - Traceback (most recent call last): - File "c:\Users\Artur\Documents\GitHub\Web-Scraping_Job_Site\scrape_listings.py", line 258, in main - listing_pipeline_main(url, _tech_set, succesfull) - File "c:\Users\Artur\Documents\GitHub\Web-Scraping_Job_Site\scrape_listings.py", line 226, in listing_pipeline_main - my_dict = change_str_to_dict(substring) -  - File "c:\Users\Artur\Documents\GitHub\Web-Scraping_Job_Site\scrape_listings.py", line 72, in change_str_to_dict - my_dict = json.loads(substring) -  - File "C:\Users\Artur\AppData\Local\Programs\Python\Python311\Lib\json\__init__.py", line 346, in loads - return _default_decoder.decode(s) -  - File "C:\Users\Artur\AppData\Local\Programs\Python\Python311\Lib\json\decoder.py", line 337, in decode - obj, end = self.raw_decode(s, idx=_w(s, 0).end()) -  - File "C:\Users\Artur\AppData\Local\Programs\Python\Python311\Lib\json\decoder.py", line 353, in raw_decode - obj, end = self.scan_once(s, idx) -  - json.decoder.JSONDecodeError: Expecting ',' delimiter: line 1 column 2419 (char 2418)
2023-04-24 03:40:40,544 - main.scrape_listings - main - ERROR - log_exception - Scraping failed https://www.pracuj.pl/praca/site-reliability-engineer-devops-gdynia-aleja-zwyciestwa-96-98,oferta,1002501098 - Traceback (most recent call last): - File "c:\Users\Artur\Documents\GitHub\Web-Scraping_Job_Site\scrape_listings.py", line 258, in main - listing_pipeline_main(url, _tech_set, succesfull) - File "c:\Users\Artur\Documents\GitHub\Web-Scraping_Job_Site\scrape_listings.py", line 226, in listing_pipeline_main - my_dict = change_str_to_dict(substring) -  - File "c:\Users\Artur\Documents\GitHub\Web-Scraping_Job_Site\scrape_listings.py", line 72, in change_str_to_dict - my_dict = json.loads(substring) -  - File "C:\Users\Artur\AppData\Local\Programs\Python\Python311\Lib\json\__init__.py", line 346, in loads - return _default_decoder.decode(s) -  - File "C:\Users\Artur\AppData\Local\Programs\Python\Python311\Lib\json\decoder.py", line 337, in decode - obj, end = self.raw_decode(s, idx=_w(s, 0).end()) -  - File "C:\Users\Artur\AppData\Local\Programs\Python\Python311\Lib\json\decoder.py", line 353, in raw_decode - obj, end = self.scan_once(s, idx) -  - json.decoder.JSONDecodeError: Expecting ',' delimiter: line 1 column 3376 (char 3375)
2023-04-24 04:04:49,424 - main.scrape_listings - main - ERROR - log_exception - Scraping failed https://www.pracuj.pl/praca/rpa-developer-lubelskie,oferta,9884316 - Traceback (most recent call last): - File "c:\Users\Artur\Documents\GitHub\Web-Scraping_Job_Site\scrape_listings.py", line 258, in main - listing_pipeline_main(url, _tech_set, succesfull) - File "c:\Users\Artur\Documents\GitHub\Web-Scraping_Job_Site\scrape_listings.py", line 226, in listing_pipeline_main - my_dict = change_str_to_dict(substring) -  - File "c:\Users\Artur\Documents\GitHub\Web-Scraping_Job_Site\scrape_listings.py", line 72, in change_str_to_dict - my_dict = json.loads(substring) -  - File "C:\Users\Artur\AppData\Local\Programs\Python\Python311\Lib\json\__init__.py", line 346, in loads - return _default_decoder.decode(s) -  - File "C:\Users\Artur\AppData\Local\Programs\Python\Python311\Lib\json\decoder.py", line 337, in decode - obj, end = self.raw_decode(s, idx=_w(s, 0).end()) -  - File "C:\Users\Artur\AppData\Local\Programs\Python\Python311\Lib\json\decoder.py", line 353, in raw_decode - obj, end = self.scan_once(s, idx) -  - json.decoder.JSONDecodeError: Expecting ',' delimiter: line 1 column 3550 (char 3549)
2023-04-24 04:29:01,645 - main.scrape_listings - main - ERROR - log_exception - Scraping failed https://www.pracuj.pl/praca/rpa-developer-zachodniopomorskie,oferta,9884327 - Traceback (most recent call last): - File "c:\Users\Artur\Documents\GitHub\Web-Scraping_Job_Site\scrape_listings.py", line 258, in main - listing_pipeline_main(url, _tech_set, succesfull) - File "c:\Users\Artur\Documents\GitHub\Web-Scraping_Job_Site\scrape_listings.py", line 226, in listing_pipeline_main - my_dict = change_str_to_dict(substring) -  - File "c:\Users\Artur\Documents\GitHub\Web-Scraping_Job_Site\scrape_listings.py", line 72, in change_str_to_dict - my_dict = json.loads(substring) -  - File "C:\Users\Artur\AppData\Local\Programs\Python\Python311\Lib\json\__init__.py", line 346, in loads - return _default_decoder.decode(s) -  - File "C:\Users\Artur\AppData\Local\Programs\Python\Python311\Lib\json\decoder.py", line 337, in decode - obj, end = self.raw_decode(s, idx=_w(s, 0).end()) -  - File "C:\Users\Artur\AppData\Local\Programs\Python\Python311\Lib\json\decoder.py", line 353, in raw_decode - obj, end = self.scan_once(s, idx) -  - json.decoder.JSONDecodeError: Expecting ',' delimiter: line 1 column 3550 (char 3549)
2023-04-24 04:44:59,926 - main.scrape_listings - main - ERROR - log_exception - Scraping failed https://www.pracuj.pl/praca/architekt-systemowy-warszawa-targowa-25,oferta,1002549502 - Traceback (most recent call last): - File "c:\Users\Artur\Documents\GitHub\Web-Scraping_Job_Site\scrape_listings.py", line 258, in main - listing_pipeline_main(url, _tech_set, succesfull) - File "c:\Users\Artur\Documents\GitHub\Web-Scraping_Job_Site\scrape_listings.py", line 226, in listing_pipeline_main - my_dict = change_str_to_dict(substring) -  - File "c:\Users\Artur\Documents\GitHub\Web-Scraping_Job_Site\scrape_listings.py", line 72, in change_str_to_dict - my_dict = json.loads(substring) -  - File "C:\Users\Artur\AppData\Local\Programs\Python\Python311\Lib\json\__init__.py", line 346, in loads - return _default_decoder.decode(s) -  - File "C:\Users\Artur\AppData\Local\Programs\Python\Python311\Lib\json\decoder.py", line 337, in decode - obj, end = self.raw_decode(s, idx=_w(s, 0).end()) -  - File "C:\Users\Artur\AppData\Local\Programs\Python\Python311\Lib\json\decoder.py", line 353, in raw_decode - obj, end = self.scan_once(s, idx) -  - json.decoder.JSONDecodeError: Expecting ',' delimiter: line 1 column 4759 (char 4758)
2023-04-24 04:52:21,209 - main.scrape_listings - main - ERROR - log_exception - Scraping failed https://www.pracuj.pl/praca/full-stack-developer-szczecin,oferta,1002491480 - Traceback (most recent call last): - File "c:\Users\Artur\Documents\GitHub\Web-Scraping_Job_Site\scrape_listings.py", line 258, in main - listing_pipeline_main(url, _tech_set, succesfull) - File "c:\Users\Artur\Documents\GitHub\Web-Scraping_Job_Site\scrape_listings.py", line 226, in listing_pipeline_main - my_dict = change_str_to_dict(substring) -  - File "c:\Users\Artur\Documents\GitHub\Web-Scraping_Job_Site\scrape_listings.py", line 72, in change_str_to_dict - my_dict = json.loads(substring) -  - File "C:\Users\Artur\AppData\Local\Programs\Python\Python311\Lib\json\__init__.py", line 346, in loads - return _default_decoder.decode(s) -  - File "C:\Users\Artur\AppData\Local\Programs\Python\Python311\Lib\json\decoder.py", line 337, in decode - obj, end = self.raw_decode(s, idx=_w(s, 0).end()) -  - File "C:\Users\Artur\AppData\Local\Programs\Python\Python311\Lib\json\decoder.py", line 353, in raw_decode - obj, end = self.scan_once(s, idx) -  - json.decoder.JSONDecodeError: Expecting ',' delimiter: line 1 column 2147 (char 2146)
2023-04-24 05:00:08,969 - main.scrape_listings - main - ERROR - log_exception - Scraping failed https://www.pracuj.pl/praca/podinspektor-w-referacie-informatyki-szczecin-blogoslawionego-wincentego-kadlubka-12,oferta,1002537613 - Traceback (most recent call last): - File "c:\Users\Artur\Documents\GitHub\Web-Scraping_Job_Site\scrape_listings.py", line 258, in main - listing_pipeline_main(url, _tech_set, succesfull) - File "c:\Users\Artur\Documents\GitHub\Web-Scraping_Job_Site\scrape_listings.py", line 226, in listing_pipeline_main - my_dict = change_str_to_dict(substring) -  - File "c:\Users\Artur\Documents\GitHub\Web-Scraping_Job_Site\scrape_listings.py", line 72, in change_str_to_dict - my_dict = json.loads(substring) -  - File "C:\Users\Artur\AppData\Local\Programs\Python\Python311\Lib\json\__init__.py", line 346, in loads - return _default_decoder.decode(s) -  - File "C:\Users\Artur\AppData\Local\Programs\Python\Python311\Lib\json\decoder.py", line 337, in decode - obj, end = self.raw_decode(s, idx=_w(s, 0).end()) -  - File "C:\Users\Artur\AppData\Local\Programs\Python\Python311\Lib\json\decoder.py", line 353, in raw_decode - obj, end = self.scan_once(s, idx) -  - json.decoder.JSONDecodeError: Expecting ',' delimiter: line 1 column 7646 (char 7645)
2023-04-24 05:19:12,884 - main.scrape_listings - main - ERROR - log_exception - Scraping failed https://www.pracuj.pl/praca/rpa-developer-lodzkie,oferta,9884315 - Traceback (most recent call last): - File "c:\Users\Artur\Documents\GitHub\Web-Scraping_Job_Site\scrape_listings.py", line 258, in main - listing_pipeline_main(url, _tech_set, succesfull) - File "c:\Users\Artur\Documents\GitHub\Web-Scraping_Job_Site\scrape_listings.py", line 226, in listing_pipeline_main - my_dict = change_str_to_dict(substring) -  - File "c:\Users\Artur\Documents\GitHub\Web-Scraping_Job_Site\scrape_listings.py", line 72, in change_str_to_dict - my_dict = json.loads(substring) -  - File "C:\Users\Artur\AppData\Local\Programs\Python\Python311\Lib\json\__init__.py", line 346, in loads - return _default_decoder.decode(s) -  - File "C:\Users\Artur\AppData\Local\Programs\Python\Python311\Lib\json\decoder.py", line 337, in decode - obj, end = self.raw_decode(s, idx=_w(s, 0).end()) -  - File "C:\Users\Artur\AppData\Local\Programs\Python\Python311\Lib\json\decoder.py", line 353, in raw_decode - obj, end = self.scan_once(s, idx) -  - json.decoder.JSONDecodeError: Expecting ',' delimiter: line 1 column 3550 (char 3549)
2023-04-24 05:51:52,767 - main.scrape_listings - main - ERROR - log_exception - Scraping failed https://www.pracuj.pl/praca/staz-w-obszarze-programowanie-it-warszawa-rondo-daszynskiego-1,oferta,1002537944 - Traceback (most recent call last): - File "c:\Users\Artur\Documents\GitHub\Web-Scraping_Job_Site\scrape_listings.py", line 258, in main - listing_pipeline_main(url, _tech_set, succesfull) - File "c:\Users\Artur\Documents\GitHub\Web-Scraping_Job_Site\scrape_listings.py", line 226, in listing_pipeline_main - my_dict = change_str_to_dict(substring) -  - File "c:\Users\Artur\Documents\GitHub\Web-Scraping_Job_Site\scrape_listings.py", line 72, in change_str_to_dict - my_dict = json.loads(substring) -  - File "C:\Users\Artur\AppData\Local\Programs\Python\Python311\Lib\json\__init__.py", line 346, in loads - return _default_decoder.decode(s) -  - File "C:\Users\Artur\AppData\Local\Programs\Python\Python311\Lib\json\decoder.py", line 337, in decode - obj, end = self.raw_decode(s, idx=_w(s, 0).end()) -  - File "C:\Users\Artur\AppData\Local\Programs\Python\Python311\Lib\json\decoder.py", line 353, in raw_decode - obj, end = self.scan_once(s, idx) -  - json.decoder.JSONDecodeError: Expecting ',' delimiter: line 1 column 3386 (char 3385)
2023-04-24 05:57:14,730 - main.scrape_listings - main - ERROR - log_exception - Scraping failed https://www.pracuj.pl/praca/embedded-team-leader-gdynia-aleja-zwyciestwa-96-98,oferta,1002491055 - Traceback (most recent call last): - File "c:\Users\Artur\Documents\GitHub\Web-Scraping_Job_Site\scrape_listings.py", line 258, in main - listing_pipeline_main(url, _tech_set, succesfull) - File "c:\Users\Artur\Documents\GitHub\Web-Scraping_Job_Site\scrape_listings.py", line 226, in listing_pipeline_main - my_dict = change_str_to_dict(substring) -  - File "c:\Users\Artur\Documents\GitHub\Web-Scraping_Job_Site\scrape_listings.py", line 72, in change_str_to_dict - my_dict = json.loads(substring) -  - File "C:\Users\Artur\AppData\Local\Programs\Python\Python311\Lib\json\__init__.py", line 346, in loads - return _default_decoder.decode(s) -  - File "C:\Users\Artur\AppData\Local\Programs\Python\Python311\Lib\json\decoder.py", line 337, in decode - obj, end = self.raw_decode(s, idx=_w(s, 0).end()) -  - File "C:\Users\Artur\AppData\Local\Programs\Python\Python311\Lib\json\decoder.py", line 353, in raw_decode - obj, end = self.scan_once(s, idx) -  - json.decoder.JSONDecodeError: Expecting ',' delimiter: line 1 column 2455 (char 2454)
2023-04-24 06:23:39,966 - main.scrape_listings - main - ERROR - log_exception - Scraping failed https://www.pracuj.pl/praca/rpa-developer-dolnoslaskie,oferta,9884313 - Traceback (most recent call last): - File "c:\Users\Artur\Documents\GitHub\Web-Scraping_Job_Site\scrape_listings.py", line 258, in main - listing_pipeline_main(url, _tech_set, succesfull) - File "c:\Users\Artur\Documents\GitHub\Web-Scraping_Job_Site\scrape_listings.py", line 226, in listing_pipeline_main - my_dict = change_str_to_dict(substring) -  - File "c:\Users\Artur\Documents\GitHub\Web-Scraping_Job_Site\scrape_listings.py", line 72, in change_str_to_dict - my_dict = json.loads(substring) -  - File "C:\Users\Artur\AppData\Local\Programs\Python\Python311\Lib\json\__init__.py", line 346, in loads - return _default_decoder.decode(s) -  - File "C:\Users\Artur\AppData\Local\Programs\Python\Python311\Lib\json\decoder.py", line 337, in decode - obj, end = self.raw_decode(s, idx=_w(s, 0).end()) -  - File "C:\Users\Artur\AppData\Local\Programs\Python\Python311\Lib\json\decoder.py", line 353, in raw_decode - obj, end = self.scan_once(s, idx) -  - json.decoder.JSONDecodeError: Expecting ',' delimiter: line 1 column 3550 (char 3549)
2023-05-01 15:54:51,634 - main.scrape_listings - main - ERROR - log_exception - Scraping failed https://www.pracuj.pl/praca/sap-basis-administrator-bielsko-biala-mickiewicza-3,oferta,1002563187 - Traceback (most recent call last): - File "c:\Users\Artur\Documents\GitHub\Web-Scraping_Job_Site\scrape_listings.py", line 258, in main - listing_pipeline_main(url, _tech_set, succesfull) - File "c:\Users\Artur\Documents\GitHub\Web-Scraping_Job_Site\scrape_listings.py", line 226, in listing_pipeline_main - my_dict = change_str_to_dict(substring) -  - File "c:\Users\Artur\Documents\GitHub\Web-Scraping_Job_Site\scrape_listings.py", line 72, in change_str_to_dict - my_dict = json.loads(substring) -  - File "C:\Users\Artur\AppData\Local\Programs\Python\Python311\Lib\json\__init__.py", line 346, in loads - return _default_decoder.decode(s) -  - File "C:\Users\Artur\AppData\Local\Programs\Python\Python311\Lib\json\decoder.py", line 337, in decode - obj, end = self.raw_decode(s, idx=_w(s, 0).end()) -  - File "C:\Users\Artur\AppData\Local\Programs\Python\Python311\Lib\json\decoder.py", line 353, in raw_decode - obj, end = self.scan_once(s, idx) -  - json.decoder.JSONDecodeError: Expecting ',' delimiter: line 1 column 7759 (char 7758)
2023-05-01 16:17:50,938 - main.scrape_listings - main - ERROR - log_exception - Scraping failed https://www.pracuj.pl/praca/senior-java-developer-wroclaw,oferta,1002554922 - Traceback (most recent call last): - File "c:\Users\Artur\Documents\GitHub\Web-Scraping_Job_Site\scrape_listings.py", line 258, in main - listing_pipeline_main(url, _tech_set, succesfull) - File "c:\Users\Artur\Documents\GitHub\Web-Scraping_Job_Site\scrape_listings.py", line 226, in listing_pipeline_main - my_dict = change_str_to_dict(substring) -  - File "c:\Users\Artur\Documents\GitHub\Web-Scraping_Job_Site\scrape_listings.py", line 72, in change_str_to_dict - my_dict = json.loads(substring) -  - File "C:\Users\Artur\AppData\Local\Programs\Python\Python311\Lib\json\__init__.py", line 346, in loads - return _default_decoder.decode(s) -  - File "C:\Users\Artur\AppData\Local\Programs\Python\Python311\Lib\json\decoder.py", line 337, in decode - obj, end = self.raw_decode(s, idx=_w(s, 0).end()) -  - File "C:\Users\Artur\AppData\Local\Programs\Python\Python311\Lib\json\decoder.py", line 353, in raw_decode - obj, end = self.scan_once(s, idx) -  - json.decoder.JSONDecodeError: Expecting ',' delimiter: line 1 column 4175 (char 4174)
2023-05-01 16:19:30,627 - main.scrape_listings - main - ERROR - log_exception - Scraping failed https://www.pracuj.pl/praca/podinspektor-w-referacie-informatyki-szczecin-blogoslawionego-wincentego-kadlubka-12,oferta,1002537613 - Traceback (most recent call last): - File "c:\Users\Artur\Documents\GitHub\Web-Scraping_Job_Site\scrape_listings.py", line 258, in main - listing_pipeline_main(url, _tech_set, succesfull) - File "c:\Users\Artur\Documents\GitHub\Web-Scraping_Job_Site\scrape_listings.py", line 226, in listing_pipeline_main - my_dict = change_str_to_dict(substring) -  - File "c:\Users\Artur\Documents\GitHub\Web-Scraping_Job_Site\scrape_listings.py", line 72, in change_str_to_dict - my_dict = json.loads(substring) -  - File "C:\Users\Artur\AppData\Local\Programs\Python\Python311\Lib\json\__init__.py", line 346, in loads - return _default_decoder.decode(s) -  - File "C:\Users\Artur\AppData\Local\Programs\Python\Python311\Lib\json\decoder.py", line 337, in decode - obj, end = self.raw_decode(s, idx=_w(s, 0).end()) -  - File "C:\Users\Artur\AppData\Local\Programs\Python\Python311\Lib\json\decoder.py", line 353, in raw_decode - obj, end = self.scan_once(s, idx) -  - json.decoder.JSONDecodeError: Expecting ',' delimiter: line 1 column 7453 (char 7452)
2023-05-01 16:21:32,576 - main.scrape_listings - main - ERROR - log_exception - Scraping failed https://www.pracuj.pl/praca/programista-c++-wieliczka-czarnochowska-8,oferta,1002542438 - Traceback (most recent call last): - File "c:\Users\Artur\Documents\GitHub\Web-Scraping_Job_Site\scrape_listings.py", line 258, in main - listing_pipeline_main(url, _tech_set, succesfull) - File "c:\Users\Artur\Documents\GitHub\Web-Scraping_Job_Site\scrape_listings.py", line 226, in listing_pipeline_main - my_dict = change_str_to_dict(substring) -  - File "c:\Users\Artur\Documents\GitHub\Web-Scraping_Job_Site\scrape_listings.py", line 72, in change_str_to_dict - my_dict = json.loads(substring) -  - File "C:\Users\Artur\AppData\Local\Programs\Python\Python311\Lib\json\__init__.py", line 346, in loads - return _default_decoder.decode(s) -  - File "C:\Users\Artur\AppData\Local\Programs\Python\Python311\Lib\json\decoder.py", line 337, in decode - obj, end = self.raw_decode(s, idx=_w(s, 0).end()) -  - File "C:\Users\Artur\AppData\Local\Programs\Python\Python311\Lib\json\decoder.py", line 353, in raw_decode - obj, end = self.scan_once(s, idx) -  - json.decoder.JSONDecodeError: Expecting ',' delimiter: line 1 column 2900 (char 2899)
2023-05-01 16:22:17,488 - main.scrape_listings - main - ERROR - log_exception - Scraping failed https://www.pracuj.pl/praca/rpa-developer-kujawsko-pomorskie,oferta,9884314 - Traceback (most recent call last): - File "c:\Users\Artur\Documents\GitHub\Web-Scraping_Job_Site\scrape_listings.py", line 258, in main - listing_pipeline_main(url, _tech_set, succesfull) - File "c:\Users\Artur\Documents\GitHub\Web-Scraping_Job_Site\scrape_listings.py", line 226, in listing_pipeline_main - my_dict = change_str_to_dict(substring) -  - File "c:\Users\Artur\Documents\GitHub\Web-Scraping_Job_Site\scrape_listings.py", line 72, in change_str_to_dict - my_dict = json.loads(substring) -  - File "C:\Users\Artur\AppData\Local\Programs\Python\Python311\Lib\json\__init__.py", line 346, in loads - return _default_decoder.decode(s) -  - File "C:\Users\Artur\AppData\Local\Programs\Python\Python311\Lib\json\decoder.py", line 337, in decode - obj, end = self.raw_decode(s, idx=_w(s, 0).end()) -  - File "C:\Users\Artur\AppData\Local\Programs\Python\Python311\Lib\json\decoder.py", line 353, in raw_decode - obj, end = self.scan_once(s, idx) -  - json.decoder.JSONDecodeError: Expecting ',' delimiter: line 1 column 3357 (char 3356)
2023-05-01 16:34:55,349 - main.scrape_listings - main - ERROR - log_exception - Scraping failed https://www.pracuj.pl/praca/rpa-developer-malopolskie,oferta,9884318 - Traceback (most recent call last): - File "c:\Users\Artur\Documents\GitHub\Web-Scraping_Job_Site\scrape_listings.py", line 258, in main - listing_pipeline_main(url, _tech_set, succesfull) - File "c:\Users\Artur\Documents\GitHub\Web-Scraping_Job_Site\scrape_listings.py", line 226, in listing_pipeline_main - my_dict = change_str_to_dict(substring) -  - File "c:\Users\Artur\Documents\GitHub\Web-Scraping_Job_Site\scrape_listings.py", line 72, in change_str_to_dict - my_dict = json.loads(substring) -  - File "C:\Users\Artur\AppData\Local\Programs\Python\Python311\Lib\json\__init__.py", line 346, in loads - return _default_decoder.decode(s) -  - File "C:\Users\Artur\AppData\Local\Programs\Python\Python311\Lib\json\decoder.py", line 337, in decode - obj, end = self.raw_decode(s, idx=_w(s, 0).end()) -  - File "C:\Users\Artur\AppData\Local\Programs\Python\Python311\Lib\json\decoder.py", line 353, in raw_decode - obj, end = self.scan_once(s, idx) -  - json.decoder.JSONDecodeError: Expecting ',' delimiter: line 1 column 3357 (char 3356)
2023-05-01 16:35:56,238 - main.scrape_listings - main - ERROR - log_exception - Scraping failed https://www.pracuj.pl/praca/embedded-software-engineer-warszawa-ogrodowa-58,oferta,1002530757 - Traceback (most recent call last): - File "c:\Users\Artur\Documents\GitHub\Web-Scraping_Job_Site\scrape_listings.py", line 258, in main - listing_pipeline_main(url, _tech_set, succesfull) - File "c:\Users\Artur\Documents\GitHub\Web-Scraping_Job_Site\scrape_listings.py", line 226, in listing_pipeline_main - my_dict = change_str_to_dict(substring) -  - File "c:\Users\Artur\Documents\GitHub\Web-Scraping_Job_Site\scrape_listings.py", line 72, in change_str_to_dict - my_dict = json.loads(substring) -  - File "C:\Users\Artur\AppData\Local\Programs\Python\Python311\Lib\json\__init__.py", line 346, in loads - return _default_decoder.decode(s) -  - File "C:\Users\Artur\AppData\Local\Programs\Python\Python311\Lib\json\decoder.py", line 337, in decode - obj, end = self.raw_decode(s, idx=_w(s, 0).end()) -  - File "C:\Users\Artur\AppData\Local\Programs\Python\Python311\Lib\json\decoder.py", line 353, in raw_decode - obj, end = self.scan_once(s, idx) -  - json.decoder.JSONDecodeError: Expecting ',' delimiter: line 1 column 2226 (char 2225)
2023-05-01 16:36:09,348 - main.scrape_listings - main - ERROR - log_exception - Scraping failed https://www.pracuj.pl/praca/rpa-developer-lubuskie,oferta,9884317 - Traceback (most recent call last): - File "c:\Users\Artur\Documents\GitHub\Web-Scraping_Job_Site\scrape_listings.py", line 258, in main - listing_pipeline_main(url, _tech_set, succesfull) - File "c:\Users\Artur\Documents\GitHub\Web-Scraping_Job_Site\scrape_listings.py", line 226, in listing_pipeline_main - my_dict = change_str_to_dict(substring) -  - File "c:\Users\Artur\Documents\GitHub\Web-Scraping_Job_Site\scrape_listings.py", line 72, in change_str_to_dict - my_dict = json.loads(substring) -  - File "C:\Users\Artur\AppData\Local\Programs\Python\Python311\Lib\json\__init__.py", line 346, in loads - return _default_decoder.decode(s) -  - File "C:\Users\Artur\AppData\Local\Programs\Python\Python311\Lib\json\decoder.py", line 337, in decode - obj, end = self.raw_decode(s, idx=_w(s, 0).end()) -  - File "C:\Users\Artur\AppData\Local\Programs\Python\Python311\Lib\json\decoder.py", line 353, in raw_decode - obj, end = self.scan_once(s, idx) -  - json.decoder.JSONDecodeError: Expecting ',' delimiter: line 1 column 3357 (char 3356)
2023-05-01 16:39:14,485 - main.scrape_listings - main - ERROR - log_exception - Scraping failed https://www.pracuj.pl/praca/senior-java-developer-gdansk,oferta,1002554920 - Traceback (most recent call last): - File "c:\Users\Artur\Documents\GitHub\Web-Scraping_Job_Site\scrape_listings.py", line 258, in main - listing_pipeline_main(url, _tech_set, succesfull) - File "c:\Users\Artur\Documents\GitHub\Web-Scraping_Job_Site\scrape_listings.py", line 226, in listing_pipeline_main - my_dict = change_str_to_dict(substring) -  - File "c:\Users\Artur\Documents\GitHub\Web-Scraping_Job_Site\scrape_listings.py", line 72, in change_str_to_dict - my_dict = json.loads(substring) -  - File "C:\Users\Artur\AppData\Local\Programs\Python\Python311\Lib\json\__init__.py", line 346, in loads - return _default_decoder.decode(s) -  - File "C:\Users\Artur\AppData\Local\Programs\Python\Python311\Lib\json\decoder.py", line 337, in decode - obj, end = self.raw_decode(s, idx=_w(s, 0).end()) -  - File "C:\Users\Artur\AppData\Local\Programs\Python\Python311\Lib\json\decoder.py", line 353, in raw_decode - obj, end = self.scan_once(s, idx) -  - json.decoder.JSONDecodeError: Expecting ',' delimiter: line 1 column 4175 (char 4174)
2023-05-01 16:44:35,279 - main.scrape_listings - main - ERROR - log_exception - Scraping failed https://www.pracuj.pl/praca/rpa-developer-pomorskie,oferta,9884323 - Traceback (most recent call last): - File "c:\Users\Artur\Documents\GitHub\Web-Scraping_Job_Site\scrape_listings.py", line 258, in main - listing_pipeline_main(url, _tech_set, succesfull) - File "c:\Users\Artur\Documents\GitHub\Web-Scraping_Job_Site\scrape_listings.py", line 226, in listing_pipeline_main - my_dict = change_str_to_dict(substring) -  - File "c:\Users\Artur\Documents\GitHub\Web-Scraping_Job_Site\scrape_listings.py", line 72, in change_str_to_dict - my_dict = json.loads(substring) -  - File "C:\Users\Artur\AppData\Local\Programs\Python\Python311\Lib\json\__init__.py", line 346, in loads - return _default_decoder.decode(s) -  - File "C:\Users\Artur\AppData\Local\Programs\Python\Python311\Lib\json\decoder.py", line 337, in decode - obj, end = self.raw_decode(s, idx=_w(s, 0).end()) -  - File "C:\Users\Artur\AppData\Local\Programs\Python\Python311\Lib\json\decoder.py", line 353, in raw_decode - obj, end = self.scan_once(s, idx) -  - json.decoder.JSONDecodeError: Expecting ',' delimiter: line 1 column 3357 (char 3356)
2023-05-01 16:47:49,613 - main.scrape_listings - main - ERROR - log_exception - Scraping failed https://www.pracuj.pl/praca/rpa-developer-mazowieckie,oferta,9884319 - Traceback (most recent call last): - File "c:\Users\Artur\Documents\GitHub\Web-Scraping_Job_Site\scrape_listings.py", line 258, in main - listing_pipeline_main(url, _tech_set, succesfull) - File "c:\Users\Artur\Documents\GitHub\Web-Scraping_Job_Site\scrape_listings.py", line 226, in listing_pipeline_main - my_dict = change_str_to_dict(substring) -  - File "c:\Users\Artur\Documents\GitHub\Web-Scraping_Job_Site\scrape_listings.py", line 72, in change_str_to_dict - my_dict = json.loads(substring) -  - File "C:\Users\Artur\AppData\Local\Programs\Python\Python311\Lib\json\__init__.py", line 346, in loads - return _default_decoder.decode(s) -  - File "C:\Users\Artur\AppData\Local\Programs\Python\Python311\Lib\json\decoder.py", line 337, in decode - obj, end = self.raw_decode(s, idx=_w(s, 0).end()) -  - File "C:\Users\Artur\AppData\Local\Programs\Python\Python311\Lib\json\decoder.py", line 353, in raw_decode - obj, end = self.scan_once(s, idx) -  - json.decoder.JSONDecodeError: Expecting ',' delimiter: line 1 column 3357 (char 3356)
2023-05-01 16:53:17,540 - main.scrape_listings - main - ERROR - log_exception - Scraping failed https://www.pracuj.pl/praca/database-developer-krakow-puszkarska-7j,oferta,1002504524 - Traceback (most recent call last): - File "c:\Users\Artur\Documents\GitHub\Web-Scraping_Job_Site\scrape_listings.py", line 258, in main - listing_pipeline_main(url, _tech_set, succesfull) - File "c:\Users\Artur\Documents\GitHub\Web-Scraping_Job_Site\scrape_listings.py", line 226, in listing_pipeline_main - my_dict = change_str_to_dict(substring) -  - File "c:\Users\Artur\Documents\GitHub\Web-Scraping_Job_Site\scrape_listings.py", line 72, in change_str_to_dict - my_dict = json.loads(substring) -  - File "C:\Users\Artur\AppData\Local\Programs\Python\Python311\Lib\json\__init__.py", line 346, in loads - return _default_decoder.decode(s) -  - File "C:\Users\Artur\AppData\Local\Programs\Python\Python311\Lib\json\decoder.py", line 337, in decode - obj, end = self.raw_decode(s, idx=_w(s, 0).end()) -  - File "C:\Users\Artur\AppData\Local\Programs\Python\Python311\Lib\json\decoder.py", line 353, in raw_decode - obj, end = self.scan_once(s, idx) -  - json.decoder.JSONDecodeError: Expecting ',' delimiter: line 1 column 2050 (char 2049)
2023-05-01 16:55:40,954 - main.scrape_listings - main - ERROR - log_exception - Scraping failed https://www.pracuj.pl/praca/starszy-programista-java-warszawa,oferta,1002540535 - Traceback (most recent call last): - File "c:\Users\Artur\Documents\GitHub\Web-Scraping_Job_Site\scrape_listings.py", line 258, in main - listing_pipeline_main(url, _tech_set, succesfull) - File "c:\Users\Artur\Documents\GitHub\Web-Scraping_Job_Site\scrape_listings.py", line 226, in listing_pipeline_main - my_dict = change_str_to_dict(substring) -  - File "c:\Users\Artur\Documents\GitHub\Web-Scraping_Job_Site\scrape_listings.py", line 72, in change_str_to_dict - my_dict = json.loads(substring) -  - File "C:\Users\Artur\AppData\Local\Programs\Python\Python311\Lib\json\__init__.py", line 346, in loads - return _default_decoder.decode(s) -  - File "C:\Users\Artur\AppData\Local\Programs\Python\Python311\Lib\json\decoder.py", line 337, in decode - obj, end = self.raw_decode(s, idx=_w(s, 0).end()) -  - File "C:\Users\Artur\AppData\Local\Programs\Python\Python311\Lib\json\decoder.py", line 353, in raw_decode - obj, end = self.scan_once(s, idx) -  - json.decoder.JSONDecodeError: Expecting ',' delimiter: line 1 column 2562 (char 2561)
2023-05-01 16:58:28,618 - main.scrape_listings - main - ERROR - log_exception - Scraping failed https://www.pracuj.pl/praca/rpa-developer-warminsko-mazurskie,oferta,9884326 - Traceback (most recent call last): - File "c:\Users\Artur\Documents\GitHub\Web-Scraping_Job_Site\scrape_listings.py", line 258, in main - listing_pipeline_main(url, _tech_set, succesfull) - File "c:\Users\Artur\Documents\GitHub\Web-Scraping_Job_Site\scrape_listings.py", line 226, in listing_pipeline_main - my_dict = change_str_to_dict(substring) -  - File "c:\Users\Artur\Documents\GitHub\Web-Scraping_Job_Site\scrape_listings.py", line 72, in change_str_to_dict - my_dict = json.loads(substring) -  - File "C:\Users\Artur\AppData\Local\Programs\Python\Python311\Lib\json\__init__.py", line 346, in loads - return _default_decoder.decode(s) -  - File "C:\Users\Artur\AppData\Local\Programs\Python\Python311\Lib\json\decoder.py", line 337, in decode - obj, end = self.raw_decode(s, idx=_w(s, 0).end()) -  - File "C:\Users\Artur\AppData\Local\Programs\Python\Python311\Lib\json\decoder.py", line 353, in raw_decode - obj, end = self.scan_once(s, idx) -  - json.decoder.JSONDecodeError: Expecting ',' delimiter: line 1 column 3357 (char 3356)
2023-05-01 17:01:06,040 - main.scrape_listings - main - ERROR - log_exception - Scraping failed https://www.pracuj.pl/praca/administrator-systemow-bankowych-i-monitoringu-warszawa-grzybowska-81,oferta,1002504438 - Traceback (most recent call last): - File "c:\Users\Artur\Documents\GitHub\Web-Scraping_Job_Site\scrape_listings.py", line 258, in main - listing_pipeline_main(url, _tech_set, succesfull) - File "c:\Users\Artur\Documents\GitHub\Web-Scraping_Job_Site\scrape_listings.py", line 226, in listing_pipeline_main - my_dict = change_str_to_dict(substring) -  - File "c:\Users\Artur\Documents\GitHub\Web-Scraping_Job_Site\scrape_listings.py", line 72, in change_str_to_dict - my_dict = json.loads(substring) -  - File "C:\Users\Artur\AppData\Local\Programs\Python\Python311\Lib\json\__init__.py", line 346, in loads - return _default_decoder.decode(s) -  - File "C:\Users\Artur\AppData\Local\Programs\Python\Python311\Lib\json\decoder.py", line 337, in decode - obj, end = self.raw_decode(s, idx=_w(s, 0).end()) -  - File "C:\Users\Artur\AppData\Local\Programs\Python\Python311\Lib\json\decoder.py", line 353, in raw_decode - obj, end = self.scan_once(s, idx) -  - json.decoder.JSONDecodeError: Expecting ',' delimiter: line 1 column 1440 (char 1439)
2023-05-01 17:11:17,494 - main.scrape_listings - main - ERROR - log_exception - Scraping failed https://www.pracuj.pl/praca/specjalistka-specjalista-ds-informatyki-lomna-las-pow-nowodworski-dobra-3,oferta,1002563637 - Traceback (most recent call last): - File "C:\Users\Artur\AppData\Local\Programs\Python\Python311\Lib\site-packages\urllib3\connectionpool.py", line 386, in _make_request - self._validate_conn(conn) - File "C:\Users\Artur\AppData\Local\Programs\Python\Python311\Lib\site-packages\urllib3\connectionpool.py", line 1042, in _validate_conn - conn.connect() - File "C:\Users\Artur\AppData\Local\Programs\Python\Python311\Lib\site-packages\urllib3\connection.py", line 414, in connect - self.sock = ssl_wrap_socket( -  - File "C:\Users\Artur\AppData\Local\Programs\Python\Python311\Lib\site-packages\urllib3\util\ssl_.py", line 449, in ssl_wrap_socket - ssl_sock = _ssl_wrap_socket_impl( -  - File "C:\Users\Artur\AppData\Local\Programs\Python\Python311\Lib\site-packages\urllib3\util\ssl_.py", line 493, in _ssl_wrap_socket_impl - return ssl_context.wrap_socket(sock, server_hostname=server_hostname) -  - File "C:\Users\Artur\AppData\Local\Programs\Python\Python311\Lib\ssl.py", line 517, in wrap_socket - return self.sslsocket_class._create( -  - File "C:\Users\Artur\AppData\Local\Programs\Python\Python311\Lib\ssl.py", line 1075, in _create - self.do_handshake() - File "C:\Users\Artur\AppData\Local\Programs\Python\Python311\Lib\ssl.py", line 1346, in do_handshake - self._sslobj.do_handshake() - TimeoutError: _ssl.c:975: The handshake operation timed out -  - During handling of the above exception, another exception occurred: -  - Traceback (most recent call last): - File "C:\Users\Artur\AppData\Local\Programs\Python\Python311\Lib\site-packages\requests\adapters.py", line 489, in send - resp = conn.urlopen( -  - File "C:\Users\Artur\AppData\Local\Programs\Python\Python311\Lib\site-packages\urllib3\connectionpool.py", line 787, in urlopen - retries = retries.increment( -  - File "C:\Users\Artur\AppData\Local\Programs\Python\Python311\Lib\site-packages\urllib3\util\retry.py", line 550, in increment - raise six.reraise(type(error), error, _stacktrace) -  - File "C:\Users\Artur\AppData\Local\Programs\Python\Python311\Lib\site-packages\urllib3\packages\six.py", line 770, in reraise - raise value - File "C:\Users\Artur\AppData\Local\Programs\Python\Python311\Lib\site-packages\urllib3\connectionpool.py", line 703, in urlopen - httplib_response = self._make_request( -  - File "C:\Users\Artur\AppData\Local\Programs\Python\Python311\Lib\site-packages\urllib3\connectionpool.py", line 389, in _make_request - self._raise_timeout(err=e, url=url, timeout_value=conn.timeout) - File "C:\Users\Artur\AppData\Local\Programs\Python\Python311\Lib\site-packages\urllib3\connectionpool.py", line 340, in _raise_timeout - raise ReadTimeoutError( - urllib3.exceptions.ReadTimeoutError: HTTPSConnectionPool(host='www.pracuj.pl', port=443): Read timed out. (read timeout=5) -  - During handling of the above exception, another exception occurred: -  - Traceback (most recent call last): - File "c:\Users\Artur\Documents\GitHub\Web-Scraping_Job_Site\scrape_listings.py", line 258, in main - listing_pipeline_main(url, _tech_set, succesfull) - File "c:\Users\Artur\Documents\GitHub\Web-Scraping_Job_Site\scrape_listings.py", line 223, in listing_pipeline_main - substring = scrape_listing_from_json(url) -  - File "c:\Users\Artur\Documents\GitHub\Web-Scraping_Job_Site\scrape_listings.py", line 25, in scrape_listing_from_json - response = requests.get(url, timeout=timeout) -  - File "C:\Users\Artur\AppData\Local\Programs\Python\Python311\Lib\site-packages\requests\api.py", line 73, in get - return request("get", url, params=params, **kwargs) -  - File "C:\Users\Artur\AppData\Local\Programs\Python\Python311\Lib\site-packages\requests\api.py", line 59, in request - return session.request(method=method, url=url, **kwargs) -  - File "C:\Users\Artur\AppData\Local\Programs\Python\Python311\Lib\site-packages\requests\sessions.py", line 587, in request - resp = self.send(prep, **send_kwargs) -  - File "C:\Users\Artur\AppData\Local\Programs\Python\Python311\Lib\site-packages\requests\sessions.py", line 701, in send - r = adapter.send(request, **kwargs) -  - File "C:\Users\Artur\AppData\Local\Programs\Python\Python311\Lib\site-packages\requests\adapters.py", line 578, in send - raise ReadTimeout(e, request=request) - requests.exceptions.ReadTimeout: HTTPSConnectionPool(host='www.pracuj.pl', port=443): Read timed out. (read timeout=5)
2023-05-01 17:14:51,135 - main.scrape_listings - main - ERROR - log_exception - Scraping failed https://www.pracuj.pl/praca/architekt-systemowy-warszawa-targowa-25,oferta,1002549502 - Traceback (most recent call last): - File "c:\Users\Artur\Documents\GitHub\Web-Scraping_Job_Site\scrape_listings.py", line 258, in main - listing_pipeline_main(url, _tech_set, succesfull) - File "c:\Users\Artur\Documents\GitHub\Web-Scraping_Job_Site\scrape_listings.py", line 226, in listing_pipeline_main - my_dict = change_str_to_dict(substring) -  - File "c:\Users\Artur\Documents\GitHub\Web-Scraping_Job_Site\scrape_listings.py", line 72, in change_str_to_dict - my_dict = json.loads(substring) -  - File "C:\Users\Artur\AppData\Local\Programs\Python\Python311\Lib\json\__init__.py", line 346, in loads - return _default_decoder.decode(s) -  - File "C:\Users\Artur\AppData\Local\Programs\Python\Python311\Lib\json\decoder.py", line 337, in decode - obj, end = self.raw_decode(s, idx=_w(s, 0).end()) -  - File "C:\Users\Artur\AppData\Local\Programs\Python\Python311\Lib\json\decoder.py", line 353, in raw_decode - obj, end = self.scan_once(s, idx) -  - json.decoder.JSONDecodeError: Expecting ',' delimiter: line 1 column 4566 (char 4565)
2023-05-01 17:24:54,179 - main.scrape_listings - main - ERROR - log_exception - Scraping failed https://www.pracuj.pl/praca/rpa-developer-lubelskie,oferta,9884316 - Traceback (most recent call last): - File "c:\Users\Artur\Documents\GitHub\Web-Scraping_Job_Site\scrape_listings.py", line 258, in main - listing_pipeline_main(url, _tech_set, succesfull) - File "c:\Users\Artur\Documents\GitHub\Web-Scraping_Job_Site\scrape_listings.py", line 226, in listing_pipeline_main - my_dict = change_str_to_dict(substring) -  - File "c:\Users\Artur\Documents\GitHub\Web-Scraping_Job_Site\scrape_listings.py", line 72, in change_str_to_dict - my_dict = json.loads(substring) -  - File "C:\Users\Artur\AppData\Local\Programs\Python\Python311\Lib\json\__init__.py", line 346, in loads - return _default_decoder.decode(s) -  - File "C:\Users\Artur\AppData\Local\Programs\Python\Python311\Lib\json\decoder.py", line 337, in decode - obj, end = self.raw_decode(s, idx=_w(s, 0).end()) -  - File "C:\Users\Artur\AppData\Local\Programs\Python\Python311\Lib\json\decoder.py", line 353, in raw_decode - obj, end = self.scan_once(s, idx) -  - json.decoder.JSONDecodeError: Expecting ',' delimiter: line 1 column 3357 (char 3356)
2023-05-01 17:48:13,249 - main.scrape_listings - main - ERROR - log_exception - Scraping failed https://www.pracuj.pl/praca/rpa-developer-zachodniopomorskie,oferta,9884327 - Traceback (most recent call last): - File "c:\Users\Artur\Documents\GitHub\Web-Scraping_Job_Site\scrape_listings.py", line 258, in main - listing_pipeline_main(url, _tech_set, succesfull) - File "c:\Users\Artur\Documents\GitHub\Web-Scraping_Job_Site\scrape_listings.py", line 226, in listing_pipeline_main - my_dict = change_str_to_dict(substring) -  - File "c:\Users\Artur\Documents\GitHub\Web-Scraping_Job_Site\scrape_listings.py", line 72, in change_str_to_dict - my_dict = json.loads(substring) -  - File "C:\Users\Artur\AppData\Local\Programs\Python\Python311\Lib\json\__init__.py", line 346, in loads - return _default_decoder.decode(s) -  - File "C:\Users\Artur\AppData\Local\Programs\Python\Python311\Lib\json\decoder.py", line 337, in decode - obj, end = self.raw_decode(s, idx=_w(s, 0).end()) -  - File "C:\Users\Artur\AppData\Local\Programs\Python\Python311\Lib\json\decoder.py", line 353, in raw_decode - obj, end = self.scan_once(s, idx) -  - json.decoder.JSONDecodeError: Expecting ',' delimiter: line 1 column 3357 (char 3356)
2023-05-01 18:03:10,561 - main.scrape_listings - main - ERROR - log_exception - Scraping failed https://www.pracuj.pl/praca/rpa-developer-poznan,oferta,1002539100 - Traceback (most recent call last): - File "c:\Users\Artur\Documents\GitHub\Web-Scraping_Job_Site\scrape_listings.py", line 258, in main - listing_pipeline_main(url, _tech_set, succesfull) - File "c:\Users\Artur\Documents\GitHub\Web-Scraping_Job_Site\scrape_listings.py", line 226, in listing_pipeline_main - my_dict = change_str_to_dict(substring) -  - File "c:\Users\Artur\Documents\GitHub\Web-Scraping_Job_Site\scrape_listings.py", line 72, in change_str_to_dict - my_dict = json.loads(substring) -  - File "C:\Users\Artur\AppData\Local\Programs\Python\Python311\Lib\json\__init__.py", line 346, in loads - return _default_decoder.decode(s) -  - File "C:\Users\Artur\AppData\Local\Programs\Python\Python311\Lib\json\decoder.py", line 337, in decode - obj, end = self.raw_decode(s, idx=_w(s, 0).end()) -  - File "C:\Users\Artur\AppData\Local\Programs\Python\Python311\Lib\json\decoder.py", line 353, in raw_decode - obj, end = self.scan_once(s, idx) -  - json.decoder.JSONDecodeError: Expecting ',' delimiter: line 1 column 3357 (char 3356)
2023-05-01 18:23:40,115 - main.scrape_listings - main - ERROR - log_exception - Scraping failed https://www.pracuj.pl/praca/zastepca-dyrektora-do-spraw-zespolu-zamiejscowego-w-wydziale-informatyki-krakow,oferta,1002554316 - Traceback (most recent call last): - File "c:\Users\Artur\Documents\GitHub\Web-Scraping_Job_Site\scrape_listings.py", line 258, in main - listing_pipeline_main(url, _tech_set, succesfull) - File "c:\Users\Artur\Documents\GitHub\Web-Scraping_Job_Site\scrape_listings.py", line 226, in listing_pipeline_main - my_dict = change_str_to_dict(substring) -  - File "c:\Users\Artur\Documents\GitHub\Web-Scraping_Job_Site\scrape_listings.py", line 72, in change_str_to_dict - my_dict = json.loads(substring) -  - File "C:\Users\Artur\AppData\Local\Programs\Python\Python311\Lib\json\__init__.py", line 346, in loads - return _default_decoder.decode(s) -  - File "C:\Users\Artur\AppData\Local\Programs\Python\Python311\Lib\json\decoder.py", line 337, in decode - obj, end = self.raw_decode(s, idx=_w(s, 0).end()) -  - File "C:\Users\Artur\AppData\Local\Programs\Python\Python311\Lib\json\decoder.py", line 353, in raw_decode - obj, end = self.scan_once(s, idx) -  - json.decoder.JSONDecodeError: Expecting ',' delimiter: line 1 column 7021 (char 7020)
2023-05-01 18:27:47,391 - main.scrape_listings - main - ERROR - log_exception - Scraping failed https://www.pracuj.pl/praca/software-developer-labview-wroclaw-kwiatkowskiego-4,oferta,1002536537 - Traceback (most recent call last): - File "c:\Users\Artur\Documents\GitHub\Web-Scraping_Job_Site\scrape_listings.py", line 258, in main - listing_pipeline_main(url, _tech_set, succesfull) - File "c:\Users\Artur\Documents\GitHub\Web-Scraping_Job_Site\scrape_listings.py", line 226, in listing_pipeline_main - my_dict = change_str_to_dict(substring) -  - File "c:\Users\Artur\Documents\GitHub\Web-Scraping_Job_Site\scrape_listings.py", line 72, in change_str_to_dict - my_dict = json.loads(substring) -  - File "C:\Users\Artur\AppData\Local\Programs\Python\Python311\Lib\json\__init__.py", line 346, in loads - return _default_decoder.decode(s) -  - File "C:\Users\Artur\AppData\Local\Programs\Python\Python311\Lib\json\decoder.py", line 337, in decode - obj, end = self.raw_decode(s, idx=_w(s, 0).end()) -  - File "C:\Users\Artur\AppData\Local\Programs\Python\Python311\Lib\json\decoder.py", line 353, in raw_decode - obj, end = self.scan_once(s, idx) -  - json.decoder.JSONDecodeError: Expecting ',' delimiter: line 1 column 3730 (char 3729)
2023-05-01 18:32:31,461 - main.scrape_listings - main - ERROR - log_exception - Scraping failed https://www.pracuj.pl/praca/rpa-developer-swietokrzyskie,oferta,9884325 - Traceback (most recent call last): - File "c:\Users\Artur\Documents\GitHub\Web-Scraping_Job_Site\scrape_listings.py", line 258, in main - listing_pipeline_main(url, _tech_set, succesfull) - File "c:\Users\Artur\Documents\GitHub\Web-Scraping_Job_Site\scrape_listings.py", line 226, in listing_pipeline_main - my_dict = change_str_to_dict(substring) -  - File "c:\Users\Artur\Documents\GitHub\Web-Scraping_Job_Site\scrape_listings.py", line 72, in change_str_to_dict - my_dict = json.loads(substring) -  - File "C:\Users\Artur\AppData\Local\Programs\Python\Python311\Lib\json\__init__.py", line 346, in loads - return _default_decoder.decode(s) -  - File "C:\Users\Artur\AppData\Local\Programs\Python\Python311\Lib\json\decoder.py", line 337, in decode - obj, end = self.raw_decode(s, idx=_w(s, 0).end()) -  - File "C:\Users\Artur\AppData\Local\Programs\Python\Python311\Lib\json\decoder.py", line 353, in raw_decode - obj, end = self.scan_once(s, idx) -  - json.decoder.JSONDecodeError: Expecting ',' delimiter: line 1 column 3357 (char 3356)
2023-05-01 18:36:47,986 - main.scrape_listings - main - ERROR - log_exception - Scraping failed https://www.pracuj.pl/praca/staz-w-obszarze-programowanie-it-radom,oferta,1002537945 - Traceback (most recent call last): - File "c:\Users\Artur\Documents\GitHub\Web-Scraping_Job_Site\scrape_listings.py", line 258, in main - listing_pipeline_main(url, _tech_set, succesfull) - File "c:\Users\Artur\Documents\GitHub\Web-Scraping_Job_Site\scrape_listings.py", line 226, in listing_pipeline_main - my_dict = change_str_to_dict(substring) -  - File "c:\Users\Artur\Documents\GitHub\Web-Scraping_Job_Site\scrape_listings.py", line 72, in change_str_to_dict - my_dict = json.loads(substring) -  - File "C:\Users\Artur\AppData\Local\Programs\Python\Python311\Lib\json\__init__.py", line 346, in loads - return _default_decoder.decode(s) -  - File "C:\Users\Artur\AppData\Local\Programs\Python\Python311\Lib\json\decoder.py", line 337, in decode - obj, end = self.raw_decode(s, idx=_w(s, 0).end()) -  - File "C:\Users\Artur\AppData\Local\Programs\Python\Python311\Lib\json\decoder.py", line 353, in raw_decode - obj, end = self.scan_once(s, idx) -  - json.decoder.JSONDecodeError: Expecting ',' delimiter: line 1 column 3253 (char 3252)
2023-05-01 18:37:28,591 - main.scrape_listings - main - ERROR - log_exception - Scraping failed https://www.pracuj.pl/praca/rpa-developer-podkarpackie,oferta,9884321 - Traceback (most recent call last): - File "c:\Users\Artur\Documents\GitHub\Web-Scraping_Job_Site\scrape_listings.py", line 258, in main - listing_pipeline_main(url, _tech_set, succesfull) - File "c:\Users\Artur\Documents\GitHub\Web-Scraping_Job_Site\scrape_listings.py", line 226, in listing_pipeline_main - my_dict = change_str_to_dict(substring) -  - File "c:\Users\Artur\Documents\GitHub\Web-Scraping_Job_Site\scrape_listings.py", line 72, in change_str_to_dict - my_dict = json.loads(substring) -  - File "C:\Users\Artur\AppData\Local\Programs\Python\Python311\Lib\json\__init__.py", line 346, in loads - return _default_decoder.decode(s) -  - File "C:\Users\Artur\AppData\Local\Programs\Python\Python311\Lib\json\decoder.py", line 337, in decode - obj, end = self.raw_decode(s, idx=_w(s, 0).end()) -  - File "C:\Users\Artur\AppData\Local\Programs\Python\Python311\Lib\json\decoder.py", line 353, in raw_decode - obj, end = self.scan_once(s, idx) -  - json.decoder.JSONDecodeError: Expecting ',' delimiter: line 1 column 3357 (char 3356)
2023-05-01 19:05:15,702 - main.scrape_listings - main - ERROR - log_exception - Scraping failed https://www.pracuj.pl/praca/specjalista-specjalistka-rs-power-bi-warszawa-rotmistrza-witolda-pileckiego-65,oferta,1002550558 - Traceback (most recent call last): - File "c:\Users\Artur\Documents\GitHub\Web-Scraping_Job_Site\scrape_listings.py", line 258, in main - listing_pipeline_main(url, _tech_set, succesfull) - File "c:\Users\Artur\Documents\GitHub\Web-Scraping_Job_Site\scrape_listings.py", line 226, in listing_pipeline_main - my_dict = change_str_to_dict(substring) -  - File "c:\Users\Artur\Documents\GitHub\Web-Scraping_Job_Site\scrape_listings.py", line 72, in change_str_to_dict - my_dict = json.loads(substring) -  - File "C:\Users\Artur\AppData\Local\Programs\Python\Python311\Lib\json\__init__.py", line 346, in loads - return _default_decoder.decode(s) -  - File "C:\Users\Artur\AppData\Local\Programs\Python\Python311\Lib\json\decoder.py", line 337, in decode - obj, end = self.raw_decode(s, idx=_w(s, 0).end()) -  - File "C:\Users\Artur\AppData\Local\Programs\Python\Python311\Lib\json\decoder.py", line 353, in raw_decode - obj, end = self.scan_once(s, idx) -  - json.decoder.JSONDecodeError: Expecting ',' delimiter: line 1 column 2143 (char 2142)
2023-05-01 19:17:06,181 - main.scrape_listings - main - ERROR - log_exception - Scraping failed https://www.pracuj.pl/praca/projektant-architekt-systemow-it-warszawa-rotmistrza-witolda-pileckiego-65,oferta,1002555344 - Traceback (most recent call last): - File "c:\Users\Artur\Documents\GitHub\Web-Scraping_Job_Site\scrape_listings.py", line 258, in main - listing_pipeline_main(url, _tech_set, succesfull) - File "c:\Users\Artur\Documents\GitHub\Web-Scraping_Job_Site\scrape_listings.py", line 226, in listing_pipeline_main - my_dict = change_str_to_dict(substring) -  - File "c:\Users\Artur\Documents\GitHub\Web-Scraping_Job_Site\scrape_listings.py", line 72, in change_str_to_dict - my_dict = json.loads(substring) -  - File "C:\Users\Artur\AppData\Local\Programs\Python\Python311\Lib\json\__init__.py", line 346, in loads - return _default_decoder.decode(s) -  - File "C:\Users\Artur\AppData\Local\Programs\Python\Python311\Lib\json\decoder.py", line 337, in decode - obj, end = self.raw_decode(s, idx=_w(s, 0).end()) -  - File "C:\Users\Artur\AppData\Local\Programs\Python\Python311\Lib\json\decoder.py", line 353, in raw_decode - obj, end = self.scan_once(s, idx) -  - json.decoder.JSONDecodeError: Expecting ',' delimiter: line 1 column 4103 (char 4102)
2023-05-01 19:27:13,245 - main.scrape_listings - main - ERROR - log_exception - Scraping failed https://www.pracuj.pl/praca/rpa-developer-slaskie,oferta,9884324 - Traceback (most recent call last): - File "c:\Users\Artur\Documents\GitHub\Web-Scraping_Job_Site\scrape_listings.py", line 258, in main - listing_pipeline_main(url, _tech_set, succesfull) - File "c:\Users\Artur\Documents\GitHub\Web-Scraping_Job_Site\scrape_listings.py", line 226, in listing_pipeline_main - my_dict = change_str_to_dict(substring) -  - File "c:\Users\Artur\Documents\GitHub\Web-Scraping_Job_Site\scrape_listings.py", line 72, in change_str_to_dict - my_dict = json.loads(substring) -  - File "C:\Users\Artur\AppData\Local\Programs\Python\Python311\Lib\json\__init__.py", line 346, in loads - return _default_decoder.decode(s) -  - File "C:\Users\Artur\AppData\Local\Programs\Python\Python311\Lib\json\decoder.py", line 337, in decode - obj, end = self.raw_decode(s, idx=_w(s, 0).end()) -  - File "C:\Users\Artur\AppData\Local\Programs\Python\Python311\Lib\json\decoder.py", line 353, in raw_decode - obj, end = self.scan_once(s, idx) -  - json.decoder.JSONDecodeError: Expecting ',' delimiter: line 1 column 3357 (char 3356)
2023-05-01 19:32:38,478 - main.scrape_listings - main - ERROR - log_exception - Scraping failed https://www.pracuj.pl/praca/application-support-specialist-wealth-personal-banking-it-krakow-kapelanka-42a,oferta,1002520322 - Traceback (most recent call last): - File "c:\Users\Artur\Documents\GitHub\Web-Scraping_Job_Site\scrape_listings.py", line 258, in main - listing_pipeline_main(url, _tech_set, succesfull) - File "c:\Users\Artur\Documents\GitHub\Web-Scraping_Job_Site\scrape_listings.py", line 226, in listing_pipeline_main - my_dict = change_str_to_dict(substring) -  - File "c:\Users\Artur\Documents\GitHub\Web-Scraping_Job_Site\scrape_listings.py", line 72, in change_str_to_dict - my_dict = json.loads(substring) -  - File "C:\Users\Artur\AppData\Local\Programs\Python\Python311\Lib\json\__init__.py", line 346, in loads - return _default_decoder.decode(s) -  - File "C:\Users\Artur\AppData\Local\Programs\Python\Python311\Lib\json\decoder.py", line 337, in decode - obj, end = self.raw_decode(s, idx=_w(s, 0).end()) -  - File "C:\Users\Artur\AppData\Local\Programs\Python\Python311\Lib\json\decoder.py", line 353, in raw_decode - obj, end = self.scan_once(s, idx) -  - json.decoder.JSONDecodeError: Expecting ',' delimiter: line 1 column 4444 (char 4443)
2023-05-01 19:33:12,947 - main.scrape_listings - main - ERROR - log_exception - Scraping failed https://www.pracuj.pl/praca/junior-iam-engineer-warszawa-aleje-jerozolimskie-98,oferta,1002556601 - Traceback (most recent call last): - File "c:\Users\Artur\Documents\GitHub\Web-Scraping_Job_Site\scrape_listings.py", line 258, in main - listing_pipeline_main(url, _tech_set, succesfull) - File "c:\Users\Artur\Documents\GitHub\Web-Scraping_Job_Site\scrape_listings.py", line 226, in listing_pipeline_main - my_dict = change_str_to_dict(substring) -  - File "c:\Users\Artur\Documents\GitHub\Web-Scraping_Job_Site\scrape_listings.py", line 72, in change_str_to_dict - my_dict = json.loads(substring) -  - File "C:\Users\Artur\AppData\Local\Programs\Python\Python311\Lib\json\__init__.py", line 346, in loads - return _default_decoder.decode(s) -  - File "C:\Users\Artur\AppData\Local\Programs\Python\Python311\Lib\json\decoder.py", line 337, in decode - obj, end = self.raw_decode(s, idx=_w(s, 0).end()) -  - File "C:\Users\Artur\AppData\Local\Programs\Python\Python311\Lib\json\decoder.py", line 353, in raw_decode - obj, end = self.scan_once(s, idx) -  - json.decoder.JSONDecodeError: Expecting ',' delimiter: line 1 column 3290 (char 3289)
2023-05-01 19:39:55,509 - main.scrape_listings - main - ERROR - log_exception - Scraping failed https://www.pracuj.pl/praca/net-c%23-developer-bytom,oferta,1002565036 - Traceback (most recent call last): - File "c:\Users\Artur\Documents\GitHub\Web-Scraping_Job_Site\scrape_listings.py", line 258, in main - listing_pipeline_main(url, _tech_set, succesfull) - File "c:\Users\Artur\Documents\GitHub\Web-Scraping_Job_Site\scrape_listings.py", line 226, in listing_pipeline_main - my_dict = change_str_to_dict(substring) -  - File "c:\Users\Artur\Documents\GitHub\Web-Scraping_Job_Site\scrape_listings.py", line 72, in change_str_to_dict - my_dict = json.loads(substring) -  - File "C:\Users\Artur\AppData\Local\Programs\Python\Python311\Lib\json\__init__.py", line 346, in loads - return _default_decoder.decode(s) -  - File "C:\Users\Artur\AppData\Local\Programs\Python\Python311\Lib\json\decoder.py", line 337, in decode - obj, end = self.raw_decode(s, idx=_w(s, 0).end()) -  - File "C:\Users\Artur\AppData\Local\Programs\Python\Python311\Lib\json\decoder.py", line 353, in raw_decode - obj, end = self.scan_once(s, idx) -  - json.decoder.JSONDecodeError: Expecting ',' delimiter: line 1 column 2123 (char 2122)
2023-05-01 19:42:35,223 - main.scrape_listings - main - ERROR - log_exception - Scraping failed https://www.pracuj.pl/praca/programista-c%23-poznan-golezycka-25a,oferta,1002550855 - Traceback (most recent call last): - File "c:\Users\Artur\Documents\GitHub\Web-Scraping_Job_Site\scrape_listings.py", line 258, in main - listing_pipeline_main(url, _tech_set, succesfull) - File "c:\Users\Artur\Documents\GitHub\Web-Scraping_Job_Site\scrape_listings.py", line 226, in listing_pipeline_main - my_dict = change_str_to_dict(substring) -  - File "c:\Users\Artur\Documents\GitHub\Web-Scraping_Job_Site\scrape_listings.py", line 72, in change_str_to_dict - my_dict = json.loads(substring) -  - File "C:\Users\Artur\AppData\Local\Programs\Python\Python311\Lib\json\__init__.py", line 346, in loads - return _default_decoder.decode(s) -  - File "C:\Users\Artur\AppData\Local\Programs\Python\Python311\Lib\json\decoder.py", line 337, in decode - obj, end = self.raw_decode(s, idx=_w(s, 0).end()) -  - File "C:\Users\Artur\AppData\Local\Programs\Python\Python311\Lib\json\decoder.py", line 353, in raw_decode - obj, end = self.scan_once(s, idx) -  - json.decoder.JSONDecodeError: Expecting ',' delimiter: line 1 column 1842 (char 1841)
2023-05-01 20:03:40,724 - main.scrape_listings - main - ERROR - log_exception - Scraping failed https://www.pracuj.pl/praca/rpa-developer-podlaskie,oferta,9884322 - Traceback (most recent call last): - File "c:\Users\Artur\Documents\GitHub\Web-Scraping_Job_Site\scrape_listings.py", line 258, in main - listing_pipeline_main(url, _tech_set, succesfull) - File "c:\Users\Artur\Documents\GitHub\Web-Scraping_Job_Site\scrape_listings.py", line 226, in listing_pipeline_main - my_dict = change_str_to_dict(substring) -  - File "c:\Users\Artur\Documents\GitHub\Web-Scraping_Job_Site\scrape_listings.py", line 72, in change_str_to_dict - my_dict = json.loads(substring) -  - File "C:\Users\Artur\AppData\Local\Programs\Python\Python311\Lib\json\__init__.py", line 346, in loads - return _default_decoder.decode(s) -  - File "C:\Users\Artur\AppData\Local\Programs\Python\Python311\Lib\json\decoder.py", line 337, in decode - obj, end = self.raw_decode(s, idx=_w(s, 0).end()) -  - File "C:\Users\Artur\AppData\Local\Programs\Python\Python311\Lib\json\decoder.py", line 353, in raw_decode - obj, end = self.scan_once(s, idx) -  - json.decoder.JSONDecodeError: Expecting ',' delimiter: line 1 column 3357 (char 3356)
2023-05-01 20:08:11,698 - main.scrape_listings - main - ERROR - log_exception - Scraping failed https://www.pracuj.pl/praca/rpa-developer-dolnoslaskie,oferta,9884313 - Traceback (most recent call last): - File "c:\Users\Artur\Documents\GitHub\Web-Scraping_Job_Site\scrape_listings.py", line 258, in main - listing_pipeline_main(url, _tech_set, succesfull) - File "c:\Users\Artur\Documents\GitHub\Web-Scraping_Job_Site\scrape_listings.py", line 226, in listing_pipeline_main - my_dict = change_str_to_dict(substring) -  - File "c:\Users\Artur\Documents\GitHub\Web-Scraping_Job_Site\scrape_listings.py", line 72, in change_str_to_dict - my_dict = json.loads(substring) -  - File "C:\Users\Artur\AppData\Local\Programs\Python\Python311\Lib\json\__init__.py", line 346, in loads - return _default_decoder.decode(s) -  - File "C:\Users\Artur\AppData\Local\Programs\Python\Python311\Lib\json\decoder.py", line 337, in decode - obj, end = self.raw_decode(s, idx=_w(s, 0).end()) -  - File "C:\Users\Artur\AppData\Local\Programs\Python\Python311\Lib\json\decoder.py", line 353, in raw_decode - obj, end = self.scan_once(s, idx) -  - json.decoder.JSONDecodeError: Expecting ',' delimiter: line 1 column 3357 (char 3356)
2023-05-01 20:18:23,627 - main.scrape_listings - main - ERROR - log_exception - Scraping failed https://www.pracuj.pl/praca/staz-w-obszarze-programowanie-it-warszawa-rondo-daszynskiego-1,oferta,1002537944 - Traceback (most recent call last): - File "c:\Users\Artur\Documents\GitHub\Web-Scraping_Job_Site\scrape_listings.py", line 258, in main - listing_pipeline_main(url, _tech_set, succesfull) - File "c:\Users\Artur\Documents\GitHub\Web-Scraping_Job_Site\scrape_listings.py", line 226, in listing_pipeline_main - my_dict = change_str_to_dict(substring) -  - File "c:\Users\Artur\Documents\GitHub\Web-Scraping_Job_Site\scrape_listings.py", line 72, in change_str_to_dict - my_dict = json.loads(substring) -  - File "C:\Users\Artur\AppData\Local\Programs\Python\Python311\Lib\json\__init__.py", line 346, in loads - return _default_decoder.decode(s) -  - File "C:\Users\Artur\AppData\Local\Programs\Python\Python311\Lib\json\decoder.py", line 337, in decode - obj, end = self.raw_decode(s, idx=_w(s, 0).end()) -  - File "C:\Users\Artur\AppData\Local\Programs\Python\Python311\Lib\json\decoder.py", line 353, in raw_decode - obj, end = self.scan_once(s, idx) -  - json.decoder.JSONDecodeError: Expecting ',' delimiter: line 1 column 3253 (char 3252)
2023-05-01 20:30:29,465 - main.scrape_listings - main - ERROR - log_exception - Scraping failed https://www.pracuj.pl/praca/rpa-developer-opolskie,oferta,9884320 - Traceback (most recent call last): - File "c:\Users\Artur\Documents\GitHub\Web-Scraping_Job_Site\scrape_listings.py", line 258, in main - listing_pipeline_main(url, _tech_set, succesfull) - File "c:\Users\Artur\Documents\GitHub\Web-Scraping_Job_Site\scrape_listings.py", line 226, in listing_pipeline_main - my_dict = change_str_to_dict(substring) -  - File "c:\Users\Artur\Documents\GitHub\Web-Scraping_Job_Site\scrape_listings.py", line 72, in change_str_to_dict - my_dict = json.loads(substring) -  - File "C:\Users\Artur\AppData\Local\Programs\Python\Python311\Lib\json\__init__.py", line 346, in loads - return _default_decoder.decode(s) -  - File "C:\Users\Artur\AppData\Local\Programs\Python\Python311\Lib\json\decoder.py", line 337, in decode - obj, end = self.raw_decode(s, idx=_w(s, 0).end()) -  - File "C:\Users\Artur\AppData\Local\Programs\Python\Python311\Lib\json\decoder.py", line 353, in raw_decode - obj, end = self.scan_once(s, idx) -  - json.decoder.JSONDecodeError: Expecting ',' delimiter: line 1 column 3357 (char 3356)
2023-05-01 20:39:27,736 - main.scrape_listings - main - ERROR - log_exception - Scraping failed https://www.pracuj.pl/praca/starszy-specjalista-ds-rozwoju-narzedzi-oceny-ryzyka-kredytowego-warszawa,oferta,1002504274 - Traceback (most recent call last): - File "c:\Users\Artur\Documents\GitHub\Web-Scraping_Job_Site\scrape_listings.py", line 258, in main - listing_pipeline_main(url, _tech_set, succesfull) - File "c:\Users\Artur\Documents\GitHub\Web-Scraping_Job_Site\scrape_listings.py", line 226, in listing_pipeline_main - my_dict = change_str_to_dict(substring) -  - File "c:\Users\Artur\Documents\GitHub\Web-Scraping_Job_Site\scrape_listings.py", line 72, in change_str_to_dict - my_dict = json.loads(substring) -  - File "C:\Users\Artur\AppData\Local\Programs\Python\Python311\Lib\json\__init__.py", line 346, in loads - return _default_decoder.decode(s) -  - File "C:\Users\Artur\AppData\Local\Programs\Python\Python311\Lib\json\decoder.py", line 337, in decode - obj, end = self.raw_decode(s, idx=_w(s, 0).end()) -  - File "C:\Users\Artur\AppData\Local\Programs\Python\Python311\Lib\json\decoder.py", line 353, in raw_decode - obj, end = self.scan_once(s, idx) -  - json.decoder.JSONDecodeError: Expecting ',' delimiter: line 1 column 2812 (char 2811)
2023-05-01 20:42:33,416 - main.scrape_listings - main - ERROR - log_exception - Scraping failed https://www.pracuj.pl/praca/mlodszy-programista-net-systemy-logistyczne-w-dziale-realizacji-projektow-gliwice-leona-wyczolkowskiego-125,oferta,1002544829 - Traceback (most recent call last): - File "c:\Users\Artur\Documents\GitHub\Web-Scraping_Job_Site\scrape_listings.py", line 258, in main - listing_pipeline_main(url, _tech_set, succesfull) - File "c:\Users\Artur\Documents\GitHub\Web-Scraping_Job_Site\scrape_listings.py", line 226, in listing_pipeline_main - my_dict = change_str_to_dict(substring) -  - File "c:\Users\Artur\Documents\GitHub\Web-Scraping_Job_Site\scrape_listings.py", line 72, in change_str_to_dict - my_dict = json.loads(substring) -  - File "C:\Users\Artur\AppData\Local\Programs\Python\Python311\Lib\json\__init__.py", line 346, in loads - return _default_decoder.decode(s) -  - File "C:\Users\Artur\AppData\Local\Programs\Python\Python311\Lib\json\decoder.py", line 337, in decode - obj, end = self.raw_decode(s, idx=_w(s, 0).end()) -  - File "C:\Users\Artur\AppData\Local\Programs\Python\Python311\Lib\json\decoder.py", line 353, in raw_decode - obj, end = self.scan_once(s, idx) -  - json.decoder.JSONDecodeError: Expecting ',' delimiter: line 1 column 2358 (char 2357)
2023-05-01 20:59:55,506 - main.scrape_listings - main - ERROR - log_exception - Scraping failed https://www.pracuj.pl/praca/sap-basis-administrator-wroclaw-rynek-36-37,oferta,1002563186 - Traceback (most recent call last): - File "c:\Users\Artur\Documents\GitHub\Web-Scraping_Job_Site\scrape_listings.py", line 258, in main - listing_pipeline_main(url, _tech_set, succesfull) - File "c:\Users\Artur\Documents\GitHub\Web-Scraping_Job_Site\scrape_listings.py", line 226, in listing_pipeline_main - my_dict = change_str_to_dict(substring) -  - File "c:\Users\Artur\Documents\GitHub\Web-Scraping_Job_Site\scrape_listings.py", line 72, in change_str_to_dict - my_dict = json.loads(substring) -  - File "C:\Users\Artur\AppData\Local\Programs\Python\Python311\Lib\json\__init__.py", line 346, in loads - return _default_decoder.decode(s) -  - File "C:\Users\Artur\AppData\Local\Programs\Python\Python311\Lib\json\decoder.py", line 337, in decode - obj, end = self.raw_decode(s, idx=_w(s, 0).end()) -  - File "C:\Users\Artur\AppData\Local\Programs\Python\Python311\Lib\json\decoder.py", line 353, in raw_decode - obj, end = self.scan_once(s, idx) -  - json.decoder.JSONDecodeError: Expecting ',' delimiter: line 1 column 7759 (char 7758)
2023-05-01 21:09:30,783 - main.scrape_listings - main - ERROR - log_exception - Scraping failed https://www.pracuj.pl/praca/senior-java-developer-poznan,oferta,1002554921 - Traceback (most recent call last): - File "c:\Users\Artur\Documents\GitHub\Web-Scraping_Job_Site\scrape_listings.py", line 258, in main - listing_pipeline_main(url, _tech_set, succesfull) - File "c:\Users\Artur\Documents\GitHub\Web-Scraping_Job_Site\scrape_listings.py", line 226, in listing_pipeline_main - my_dict = change_str_to_dict(substring) -  - File "c:\Users\Artur\Documents\GitHub\Web-Scraping_Job_Site\scrape_listings.py", line 72, in change_str_to_dict - my_dict = json.loads(substring) -  - File "C:\Users\Artur\AppData\Local\Programs\Python\Python311\Lib\json\__init__.py", line 346, in loads - return _default_decoder.decode(s) -  - File "C:\Users\Artur\AppData\Local\Programs\Python\Python311\Lib\json\decoder.py", line 337, in decode - obj, end = self.raw_decode(s, idx=_w(s, 0).end()) -  - File "C:\Users\Artur\AppData\Local\Programs\Python\Python311\Lib\json\decoder.py", line 353, in raw_decode - obj, end = self.scan_once(s, idx) -  - json.decoder.JSONDecodeError: Expecting ',' delimiter: line 1 column 4175 (char 4174)
2023-05-01 21:21:28,274 - main.scrape_listings - main - ERROR - log_exception - Scraping failed https://www.pracuj.pl/praca/rpa-developer-lodzkie,oferta,9884315 - Traceback (most recent call last): - File "c:\Users\Artur\Documents\GitHub\Web-Scraping_Job_Site\scrape_listings.py", line 258, in main - listing_pipeline_main(url, _tech_set, succesfull) - File "c:\Users\Artur\Documents\GitHub\Web-Scraping_Job_Site\scrape_listings.py", line 226, in listing_pipeline_main - my_dict = change_str_to_dict(substring) -  - File "c:\Users\Artur\Documents\GitHub\Web-Scraping_Job_Site\scrape_listings.py", line 72, in change_str_to_dict - my_dict = json.loads(substring) -  - File "C:\Users\Artur\AppData\Local\Programs\Python\Python311\Lib\json\__init__.py", line 346, in loads - return _default_decoder.decode(s) -  - File "C:\Users\Artur\AppData\Local\Programs\Python\Python311\Lib\json\decoder.py", line 337, in decode - obj, end = self.raw_decode(s, idx=_w(s, 0).end()) -  - File "C:\Users\Artur\AppData\Local\Programs\Python\Python311\Lib\json\decoder.py", line 353, in raw_decode - obj, end = self.scan_once(s, idx) -  - json.decoder.JSONDecodeError: Expecting ',' delimiter: line 1 column 3357 (char 3356)
